{"C:\\Users\\prash\\Desktop\\Prash08484\\SwiftPay\\backend\\middlewares\\middleware.js": {"path":"C:\\Users\\prash\\Desktop\\Prash08484\\SwiftPay\\backend\\middlewares\\middleware.js","statementMap":{"0":{"start":{"line":1,"column":12},"end":{"line":1,"column":35}},"1":{"start":{"line":2,"column":23},"end":{"line":2,"column":43}},"2":{"start":{"line":4,"column":23},"end":{"line":28,"column":1}},"3":{"start":{"line":5,"column":21},"end":{"line":5,"column":46}},"4":{"start":{"line":7,"column":2},"end":{"line":9,"column":3}},"5":{"start":{"line":8,"column":4},"end":{"line":8,"column":86}},"6":{"start":{"line":11,"column":16},"end":{"line":11,"column":40}},"7":{"start":{"line":13,"column":2},"end":{"line":27,"column":3}},"8":{"start":{"line":14,"column":20},"end":{"line":14,"column":49}},"9":{"start":{"line":15,"column":19},"end":{"line":15,"column":49}},"10":{"start":{"line":17,"column":4},"end":{"line":19,"column":5}},"11":{"start":{"line":18,"column":6},"end":{"line":18,"column":78}},"12":{"start":{"line":21,"column":29},"end":{"line":21,"column":43}},"13":{"start":{"line":22,"column":4},"end":{"line":22,"column":52}},"14":{"start":{"line":23,"column":4},"end":{"line":23,"column":34}},"15":{"start":{"line":24,"column":4},"end":{"line":24,"column":18}},"16":{"start":{"line":26,"column":4},"end":{"line":26,"column":87}},"17":{"start":{"line":30,"column":0},"end":{"line":30,"column":32}}},"fnMap":{"0":{"name":"(anonymous_0)","decl":{"start":{"line":4,"column":23},"end":{"line":4,"column":24}},"loc":{"start":{"line":4,"column":49},"end":{"line":28,"column":1}},"line":4}},"branchMap":{"0":{"loc":{"start":{"line":7,"column":2},"end":{"line":9,"column":3}},"type":"if","locations":[{"start":{"line":7,"column":2},"end":{"line":9,"column":3}},{"start":{},"end":{}}],"line":7},"1":{"loc":{"start":{"line":7,"column":6},"end":{"line":7,"column":54}},"type":"binary-expr","locations":[{"start":{"line":7,"column":6},"end":{"line":7,"column":17}},{"start":{"line":7,"column":21},"end":{"line":7,"column":54}}],"line":7},"2":{"loc":{"start":{"line":15,"column":19},"end":{"line":15,"column":49}},"type":"binary-expr","locations":[{"start":{"line":15,"column":19},"end":{"line":15,"column":34}},{"start":{"line":15,"column":38},"end":{"line":15,"column":49}}],"line":15},"3":{"loc":{"start":{"line":17,"column":4},"end":{"line":19,"column":5}},"type":"if","locations":[{"start":{"line":17,"column":4},"end":{"line":19,"column":5}},{"start":{},"end":{}}],"line":17},"4":{"loc":{"start":{"line":17,"column":8},"end":{"line":17,"column":27}},"type":"binary-expr","locations":[{"start":{"line":17,"column":8},"end":{"line":17,"column":16}},{"start":{"line":17,"column":20},"end":{"line":17,"column":27}}],"line":17}},"s":{"0":1,"1":1,"2":1,"3":18,"4":18,"5":1,"6":17,"7":17,"8":17,"9":17,"10":17,"11":0,"12":17,"13":17,"14":17,"15":17,"16":0,"17":1},"f":{"0":18},"b":{"0":[1,17],"1":[18,17],"2":[17,17],"3":[0,17],"4":[17,17]},"_coverageSchema":"1a1c01bbd47fc00a2c39e90264f33305004495a9","hash":"b403f0300af8a88db85eaa1f18b778ea1096a195"}
,"C:\\Users\\prash\\Desktop\\Prash08484\\SwiftPay\\backend\\models\\paymentRequest.js": {"path":"C:\\Users\\prash\\Desktop\\Prash08484\\SwiftPay\\backend\\models\\paymentRequest.js","statementMap":{"0":{"start":{"line":1,"column":17},"end":{"line":1,"column":36}},"1":{"start":{"line":8,"column":29},"end":{"line":58,"column":2}},"2":{"start":{"line":61,"column":0},"end":{"line":61,"column":60}},"3":{"start":{"line":62,"column":0},"end":{"line":62,"column":68}},"4":{"start":{"line":65,"column":0},"end":{"line":71,"column":3}},"5":{"start":{"line":66,"column":2},"end":{"line":66,"column":30}},"6":{"start":{"line":67,"column":2},"end":{"line":69,"column":3}},"7":{"start":{"line":68,"column":4},"end":{"line":68,"column":34}},"8":{"start":{"line":70,"column":2},"end":{"line":70,"column":9}},"9":{"start":{"line":73,"column":23},"end":{"line":73,"column":77}},"10":{"start":{"line":75,"column":0},"end":{"line":75,"column":32}}},"fnMap":{"0":{"name":"(anonymous_0)","decl":{"start":{"line":65,"column":33},"end":{"line":65,"column":34}},"loc":{"start":{"line":65,"column":48},"end":{"line":71,"column":1}},"line":65}},"branchMap":{"0":{"loc":{"start":{"line":67,"column":2},"end":{"line":69,"column":3}},"type":"if","locations":[{"start":{"line":67,"column":2},"end":{"line":69,"column":3}},{"start":{},"end":{}}],"line":67},"1":{"loc":{"start":{"line":67,"column":6},"end":{"line":67,"column":52}},"type":"binary-expr","locations":[{"start":{"line":67,"column":6},"end":{"line":67,"column":31}},{"start":{"line":67,"column":35},"end":{"line":67,"column":52}}],"line":67}},"s":{"0":1,"1":1,"2":1,"3":1,"4":1,"5":23,"6":23,"7":0,"8":23,"9":1,"10":1},"f":{"0":23},"b":{"0":[0,23],"1":[23,6]},"_coverageSchema":"1a1c01bbd47fc00a2c39e90264f33305004495a9","hash":"1d740669fad4ed3950245f1dc04175f42f8eda7c"}
,"C:\\Users\\prash\\Desktop\\Prash08484\\SwiftPay\\backend\\models\\transaction.js": {"path":"C:\\Users\\prash\\Desktop\\Prash08484\\SwiftPay\\backend\\models\\transaction.js","statementMap":{"0":{"start":{"line":1,"column":17},"end":{"line":1,"column":36}},"1":{"start":{"line":7,"column":26},"end":{"line":66,"column":2}},"2":{"start":{"line":69,"column":0},"end":{"line":69,"column":54}},"3":{"start":{"line":70,"column":0},"end":{"line":70,"column":56}},"4":{"start":{"line":71,"column":0},"end":{"line":71,"column":54}},"5":{"start":{"line":74,"column":0},"end":{"line":84,"column":3}},"6":{"start":{"line":75,"column":2},"end":{"line":83,"column":4}},"7":{"start":{"line":86,"column":20},"end":{"line":86,"column":68}},"8":{"start":{"line":88,"column":0},"end":{"line":88,"column":29}}},"fnMap":{"0":{"name":"(anonymous_0)","decl":{"start":{"line":74,"column":45},"end":{"line":74,"column":46}},"loc":{"start":{"line":74,"column":56},"end":{"line":84,"column":1}},"line":74}},"branchMap":{},"s":{"0":2,"1":2,"2":2,"3":2,"4":2,"5":2,"6":0,"7":2,"8":2},"f":{"0":0},"b":{},"_coverageSchema":"1a1c01bbd47fc00a2c39e90264f33305004495a9","hash":"411c82ef08a9112dd51878e3ddeead77d3a45234"}
,"C:\\Users\\prash\\Desktop\\Prash08484\\SwiftPay\\backend\\routes\\account.js": {"path":"C:\\Users\\prash\\Desktop\\Prash08484\\SwiftPay\\backend\\routes\\account.js","statementMap":{"0":{"start":{"line":1,"column":16},"end":{"line":1,"column":34}},"1":{"start":{"line":2,"column":14},"end":{"line":2,"column":28}},"2":{"start":{"line":3,"column":23},"end":{"line":3,"column":59}},"3":{"start":{"line":4,"column":20},"end":{"line":4,"column":39}},"4":{"start":{"line":5,"column":21},"end":{"line":5,"column":59}},"5":{"start":{"line":6,"column":15},"end":{"line":6,"column":31}},"6":{"start":{"line":8,"column":23},"end":{"line":12,"column":2}},"7":{"start":{"line":14,"column":0},"end":{"line":20,"column":3}},"8":{"start":{"line":15,"column":22},"end":{"line":15,"column":67}},"9":{"start":{"line":16,"column":2},"end":{"line":18,"column":3}},"10":{"start":{"line":17,"column":4},"end":{"line":17,"column":80}},"11":{"start":{"line":19,"column":2},"end":{"line":19,"column":67}},"12":{"start":{"line":22,"column":0},"end":{"line":41,"column":3}},"13":{"start":{"line":23,"column":17},"end":{"line":23,"column":51}},"14":{"start":{"line":24,"column":2},"end":{"line":26,"column":3}},"15":{"start":{"line":25,"column":4},"end":{"line":25,"column":87}},"16":{"start":{"line":28,"column":31},"end":{"line":28,"column":42}},"17":{"start":{"line":29,"column":17},"end":{"line":34,"column":4}},"18":{"start":{"line":36,"column":2},"end":{"line":38,"column":3}},"19":{"start":{"line":37,"column":4},"end":{"line":37,"column":121}},"20":{"start":{"line":40,"column":2},"end":{"line":40,"column":114}},"21":{"start":{"line":43,"column":0},"end":{"line":43,"column":24}}},"fnMap":{"0":{"name":"(anonymous_0)","decl":{"start":{"line":14,"column":39},"end":{"line":14,"column":40}},"loc":{"start":{"line":14,"column":59},"end":{"line":20,"column":1}},"line":14},"1":{"name":"(anonymous_1)","decl":{"start":{"line":22,"column":41},"end":{"line":22,"column":42}},"loc":{"start":{"line":22,"column":61},"end":{"line":41,"column":1}},"line":22}},"branchMap":{"0":{"loc":{"start":{"line":16,"column":2},"end":{"line":18,"column":3}},"type":"if","locations":[{"start":{"line":16,"column":2},"end":{"line":18,"column":3}},{"start":{},"end":{}}],"line":16},"1":{"loc":{"start":{"line":24,"column":2},"end":{"line":26,"column":3}},"type":"if","locations":[{"start":{"line":24,"column":2},"end":{"line":26,"column":3}},{"start":{},"end":{}}],"line":24},"2":{"loc":{"start":{"line":36,"column":2},"end":{"line":38,"column":3}},"type":"if","locations":[{"start":{"line":36,"column":2},"end":{"line":38,"column":3}},{"start":{},"end":{}}],"line":36},"3":{"loc":{"start":{"line":37,"column":22},"end":{"line":37,"column":72}},"type":"cond-expr","locations":[{"start":{"line":37,"column":63},"end":{"line":37,"column":66}},{"start":{"line":37,"column":69},"end":{"line":37,"column":72}}],"line":37}},"s":{"0":0,"1":0,"2":0,"3":0,"4":0,"5":0,"6":0,"7":0,"8":0,"9":0,"10":0,"11":0,"12":0,"13":0,"14":0,"15":0,"16":0,"17":0,"18":0,"19":0,"20":0,"21":0},"f":{"0":0,"1":0},"b":{"0":[0,0],"1":[0,0],"2":[0,0],"3":[0,0]}}
,"C:\\Users\\prash\\Desktop\\Prash08484\\SwiftPay\\backend\\routes\\index.js": {"path":"C:\\Users\\prash\\Desktop\\Prash08484\\SwiftPay\\backend\\routes\\index.js","statementMap":{"0":{"start":{"line":1,"column":16},"end":{"line":1,"column":34}},"1":{"start":{"line":2,"column":19},"end":{"line":2,"column":36}},"2":{"start":{"line":3,"column":22},"end":{"line":3,"column":42}},"3":{"start":{"line":4,"column":18},"end":{"line":4,"column":34}},"4":{"start":{"line":5,"column":15},"end":{"line":5,"column":31}},"5":{"start":{"line":8,"column":13},"end":{"line":8,"column":28}},"6":{"start":{"line":10,"column":12},"end":{"line":10,"column":21}},"7":{"start":{"line":12,"column":0},"end":{"line":15,"column":4}},"8":{"start":{"line":17,"column":0},"end":{"line":17,"column":24}},"9":{"start":{"line":21,"column":0},"end":{"line":21,"column":32}},"10":{"start":{"line":22,"column":0},"end":{"line":22,"column":38}},"11":{"start":{"line":23,"column":0},"end":{"line":23,"column":30}},"12":{"start":{"line":25,"column":0},"end":{"line":25,"column":24}}},"fnMap":{},"branchMap":{},"s":{"0":0,"1":0,"2":0,"3":0,"4":0,"5":0,"6":0,"7":0,"8":0,"9":0,"10":0,"11":0,"12":0},"f":{},"b":{}}
,"C:\\Users\\prash\\Desktop\\Prash08484\\SwiftPay\\backend\\routes\\otp.js": {"path":"C:\\Users\\prash\\Desktop\\Prash08484\\SwiftPay\\backend\\routes\\otp.js","statementMap":{"0":{"start":{"line":1,"column":16},"end":{"line":1,"column":34}},"1":{"start":{"line":2,"column":15},"end":{"line":2,"column":32}},"2":{"start":{"line":3,"column":21},"end":{"line":3,"column":45}},"3":{"start":{"line":4,"column":14},"end":{"line":4,"column":28}},"4":{"start":{"line":5,"column":22},"end":{"line":5,"column":41}},"5":{"start":{"line":6,"column":19},"end":{"line":6,"column":49}},"6":{"start":{"line":7,"column":15},"end":{"line":7,"column":35}},"7":{"start":{"line":9,"column":15},"end":{"line":9,"column":31}},"8":{"start":{"line":10,"column":20},"end":{"line":10,"column":59}},"9":{"start":{"line":11,"column":23},"end":{"line":11,"column":40}},"10":{"start":{"line":14,"column":2},"end":{"line":14,"column":63}},"11":{"start":{"line":17,"column":0},"end":{"line":73,"column":3}},"12":{"start":{"line":18,"column":17},"end":{"line":18,"column":58}},"13":{"start":{"line":19,"column":2},"end":{"line":21,"column":3}},"14":{"start":{"line":20,"column":4},"end":{"line":20,"column":86}},"15":{"start":{"line":23,"column":21},"end":{"line":23,"column":65}},"16":{"start":{"line":24,"column":2},"end":{"line":26,"column":3}},"17":{"start":{"line":25,"column":4},"end":{"line":25,"column":105}},"18":{"start":{"line":28,"column":16},"end":{"line":28,"column":27}},"19":{"start":{"line":29,"column":2},"end":{"line":72,"column":3}},"20":{"start":{"line":30,"column":25},"end":{"line":30,"column":64}},"21":{"start":{"line":31,"column":4},"end":{"line":33,"column":5}},"22":{"start":{"line":32,"column":6},"end":{"line":32,"column":94}},"23":{"start":{"line":35,"column":22},"end":{"line":35,"column":87}},"24":{"start":{"line":36,"column":4},"end":{"line":38,"column":5}},"25":{"start":{"line":37,"column":6},"end":{"line":37,"column":132}},"26":{"start":{"line":40,"column":14},"end":{"line":44,"column":6}},"27":{"start":{"line":46,"column":20},"end":{"line":46,"column":32}},"28":{"start":{"line":47,"column":22},"end":{"line":47,"column":69}},"29":{"start":{"line":49,"column":4},"end":{"line":55,"column":7}},"30":{"start":{"line":57,"column":4},"end":{"line":66,"column":5}},"31":{"start":{"line":58,"column":6},"end":{"line":62,"column":8}},"32":{"start":{"line":64,"column":6},"end":{"line":64,"column":60}},"33":{"start":{"line":65,"column":6},"end":{"line":65,"column":120}},"34":{"start":{"line":68,"column":4},"end":{"line":68,"column":85}},"35":{"start":{"line":70,"column":4},"end":{"line":70,"column":52}},"36":{"start":{"line":71,"column":4},"end":{"line":71,"column":96}},"37":{"start":{"line":75,"column":0},"end":{"line":75,"column":24}}},"fnMap":{"0":{"name":"hashOtp","decl":{"start":{"line":13,"column":9},"end":{"line":13,"column":16}},"loc":{"start":{"line":13,"column":22},"end":{"line":15,"column":1}},"line":13},"1":{"name":"(anonymous_1)","decl":{"start":{"line":17,"column":25},"end":{"line":17,"column":26}},"loc":{"start":{"line":17,"column":45},"end":{"line":73,"column":1}},"line":17}},"branchMap":{"0":{"loc":{"start":{"line":19,"column":2},"end":{"line":21,"column":3}},"type":"if","locations":[{"start":{"line":19,"column":2},"end":{"line":21,"column":3}},{"start":{},"end":{}}],"line":19},"1":{"loc":{"start":{"line":24,"column":2},"end":{"line":26,"column":3}},"type":"if","locations":[{"start":{"line":24,"column":2},"end":{"line":26,"column":3}},{"start":{},"end":{}}],"line":24},"2":{"loc":{"start":{"line":31,"column":4},"end":{"line":33,"column":5}},"type":"if","locations":[{"start":{"line":31,"column":4},"end":{"line":33,"column":5}},{"start":{},"end":{}}],"line":31},"3":{"loc":{"start":{"line":36,"column":4},"end":{"line":38,"column":5}},"type":"if","locations":[{"start":{"line":36,"column":4},"end":{"line":38,"column":5}},{"start":{},"end":{}}],"line":36},"4":{"loc":{"start":{"line":36,"column":8},"end":{"line":36,"column":63}},"type":"binary-expr","locations":[{"start":{"line":36,"column":8},"end":{"line":36,"column":17}},{"start":{"line":36,"column":21},"end":{"line":36,"column":63}}],"line":36}},"s":{"0":0,"1":0,"2":0,"3":0,"4":0,"5":0,"6":0,"7":0,"8":0,"9":0,"10":0,"11":0,"12":0,"13":0,"14":0,"15":0,"16":0,"17":0,"18":0,"19":0,"20":0,"21":0,"22":0,"23":0,"24":0,"25":0,"26":0,"27":0,"28":0,"29":0,"30":0,"31":0,"32":0,"33":0,"34":0,"35":0,"36":0,"37":0},"f":{"0":0,"1":0},"b":{"0":[0,0],"1":[0,0],"2":[0,0],"3":[0,0],"4":[0,0]}}
,"C:\\Users\\prash\\Desktop\\Prash08484\\SwiftPay\\backend\\routes\\requests.js": {"path":"C:\\Users\\prash\\Desktop\\Prash08484\\SwiftPay\\backend\\routes\\requests.js","statementMap":{"0":{"start":{"line":1,"column":16},"end":{"line":1,"column":34}},"1":{"start":{"line":2,"column":17},"end":{"line":2,"column":36}},"2":{"start":{"line":3,"column":14},"end":{"line":3,"column":28}},"3":{"start":{"line":4,"column":15},"end":{"line":4,"column":31}},"4":{"start":{"line":5,"column":13},"end":{"line":5,"column":49}},"5":{"start":{"line":6,"column":23},"end":{"line":6,"column":58}},"6":{"start":{"line":7,"column":20},"end":{"line":7,"column":52}},"7":{"start":{"line":8,"column":26},"end":{"line":8,"column":45}},"8":{"start":{"line":13,"column":28},"end":{"line":17,"column":2}},"9":{"start":{"line":19,"column":28},"end":{"line":21,"column":2}},"10":{"start":{"line":27,"column":0},"end":{"line":103,"column":3}},"11":{"start":{"line":28,"column":2},"end":{"line":102,"column":3}},"12":{"start":{"line":30,"column":23},"end":{"line":30,"column":62}},"13":{"start":{"line":31,"column":4},"end":{"line":37,"column":5}},"14":{"start":{"line":32,"column":6},"end":{"line":36,"column":9}},"15":{"start":{"line":39,"column":39},"end":{"line":39,"column":54}},"16":{"start":{"line":40,"column":24},"end":{"line":40,"column":35}},"17":{"start":{"line":43,"column":4},"end":{"line":48,"column":5}},"18":{"start":{"line":44,"column":6},"end":{"line":47,"column":9}},"19":{"start":{"line":51,"column":23},"end":{"line":51,"column":52}},"20":{"start":{"line":52,"column":4},"end":{"line":57,"column":5}},"21":{"start":{"line":53,"column":6},"end":{"line":56,"column":9}},"22":{"start":{"line":60,"column":27},"end":{"line":66,"column":6}},"23":{"start":{"line":68,"column":4},"end":{"line":68,"column":32}},"24":{"start":{"line":71,"column":4},"end":{"line":74,"column":7}},"25":{"start":{"line":77,"column":15},"end":{"line":77,"column":32}},"26":{"start":{"line":78,"column":4},"end":{"line":88,"column":5}},"27":{"start":{"line":79,"column":24},"end":{"line":79,"column":56}},"28":{"start":{"line":80,"column":6},"end":{"line":87,"column":9}},"29":{"start":{"line":90,"column":4},"end":{"line":94,"column":7}},"30":{"start":{"line":96,"column":4},"end":{"line":96,"column":50}},"31":{"start":{"line":97,"column":4},"end":{"line":101,"column":7}},"32":{"start":{"line":109,"column":0},"end":{"line":163,"column":3}},"33":{"start":{"line":110,"column":2},"end":{"line":162,"column":3}},"34":{"start":{"line":111,"column":59},"end":{"line":111,"column":68}},"35":{"start":{"line":113,"column":16},"end":{"line":113,"column":18}},"36":{"start":{"line":116,"column":4},"end":{"line":121,"column":5}},"37":{"start":{"line":117,"column":6},"end":{"line":117,"column":34}},"38":{"start":{"line":118,"column":26},"end":{"line":118,"column":49}},"39":{"start":{"line":119,"column":6},"end":{"line":119,"column":48}},"40":{"start":{"line":119,"column":18},"end":{"line":119,"column":48}},"41":{"start":{"line":120,"column":6},"end":{"line":120,"column":36}},"42":{"start":{"line":123,"column":4},"end":{"line":128,"column":5}},"43":{"start":{"line":124,"column":6},"end":{"line":124,"column":34}},"44":{"start":{"line":125,"column":26},"end":{"line":125,"column":52}},"45":{"start":{"line":126,"column":6},"end":{"line":126,"column":48}},"46":{"start":{"line":126,"column":18},"end":{"line":126,"column":48}},"47":{"start":{"line":127,"column":6},"end":{"line":127,"column":36}},"48":{"start":{"line":130,"column":4},"end":{"line":133,"column":5}},"49":{"start":{"line":131,"column":6},"end":{"line":131,"column":89}},"50":{"start":{"line":132,"column":6},"end":{"line":132,"column":40}},"51":{"start":{"line":132,"column":18},"end":{"line":132,"column":40}},"52":{"start":{"line":135,"column":17},"end":{"line":135,"column":94}},"53":{"start":{"line":137,"column":21},"end":{"line":142,"column":50}},"54":{"start":{"line":144,"column":18},"end":{"line":144,"column":60}},"55":{"start":{"line":146,"column":4},"end":{"line":154,"column":7}},"56":{"start":{"line":156,"column":4},"end":{"line":156,"column":48}},"57":{"start":{"line":157,"column":4},"end":{"line":161,"column":7}},"58":{"start":{"line":169,"column":0},"end":{"line":206,"column":3}},"59":{"start":{"line":170,"column":2},"end":{"line":205,"column":3}},"60":{"start":{"line":171,"column":27},"end":{"line":174,"column":32}},"61":{"start":{"line":176,"column":4},"end":{"line":181,"column":5}},"62":{"start":{"line":177,"column":6},"end":{"line":180,"column":9}},"63":{"start":{"line":184,"column":4},"end":{"line":192,"column":5}},"64":{"start":{"line":188,"column":6},"end":{"line":191,"column":9}},"65":{"start":{"line":194,"column":4},"end":{"line":197,"column":7}},"66":{"start":{"line":199,"column":4},"end":{"line":199,"column":47}},"67":{"start":{"line":200,"column":4},"end":{"line":204,"column":7}},"68":{"start":{"line":212,"column":0},"end":{"line":295,"column":3}},"69":{"start":{"line":213,"column":2},"end":{"line":294,"column":3}},"70":{"start":{"line":214,"column":27},"end":{"line":214,"column":71}},"71":{"start":{"line":216,"column":4},"end":{"line":218,"column":5}},"72":{"start":{"line":217,"column":6},"end":{"line":217,"column":90}},"73":{"start":{"line":220,"column":4},"end":{"line":222,"column":5}},"74":{"start":{"line":221,"column":6},"end":{"line":221,"column":107}},"75":{"start":{"line":224,"column":4},"end":{"line":226,"column":5}},"76":{"start":{"line":225,"column":6},"end":{"line":225,"column":105}},"77":{"start":{"line":228,"column":37},"end":{"line":231,"column":6}},"78":{"start":{"line":233,"column":4},"end":{"line":235,"column":5}},"79":{"start":{"line":234,"column":6},"end":{"line":234,"column":82}},"80":{"start":{"line":237,"column":4},"end":{"line":239,"column":5}},"81":{"start":{"line":238,"column":6},"end":{"line":238,"column":83}},"82":{"start":{"line":241,"column":4},"end":{"line":241,"column":49}},"83":{"start":{"line":242,"column":4},"end":{"line":242,"column":47}},"84":{"start":{"line":243,"column":4},"end":{"line":243,"column":29}},"85":{"start":{"line":244,"column":4},"end":{"line":244,"column":27}},"86":{"start":{"line":246,"column":15},"end":{"line":256,"column":6}},"87":{"start":{"line":258,"column":4},"end":{"line":258,"column":39}},"88":{"start":{"line":259,"column":4},"end":{"line":259,"column":44}},"89":{"start":{"line":260,"column":4},"end":{"line":260,"column":42}},"90":{"start":{"line":261,"column":4},"end":{"line":261,"column":32}},"91":{"start":{"line":263,"column":29},"end":{"line":265,"column":56}},"92":{"start":{"line":267,"column":15},"end":{"line":267,"column":32}},"93":{"start":{"line":268,"column":4},"end":{"line":284,"column":5}},"94":{"start":{"line":269,"column":23},"end":{"line":269,"column":65}},"95":{"start":{"line":270,"column":6},"end":{"line":276,"column":9}},"96":{"start":{"line":277,"column":6},"end":{"line":283,"column":9}},"97":{"start":{"line":286,"column":4},"end":{"line":290,"column":7}},"98":{"start":{"line":292,"column":4},"end":{"line":292,"column":58}},"99":{"start":{"line":293,"column":4},"end":{"line":293,"column":95}},"100":{"start":{"line":301,"column":0},"end":{"line":364,"column":3}},"101":{"start":{"line":302,"column":2},"end":{"line":363,"column":3}},"102":{"start":{"line":303,"column":27},"end":{"line":303,"column":71}},"103":{"start":{"line":305,"column":4},"end":{"line":310,"column":5}},"104":{"start":{"line":306,"column":6},"end":{"line":309,"column":9}},"105":{"start":{"line":313,"column":4},"end":{"line":318,"column":5}},"106":{"start":{"line":314,"column":6},"end":{"line":317,"column":9}},"107":{"start":{"line":321,"column":4},"end":{"line":326,"column":5}},"108":{"start":{"line":322,"column":6},"end":{"line":325,"column":9}},"109":{"start":{"line":329,"column":4},"end":{"line":329,"column":39}},"110":{"start":{"line":330,"column":4},"end":{"line":330,"column":44}},"111":{"start":{"line":331,"column":4},"end":{"line":331,"column":32}},"112":{"start":{"line":333,"column":4},"end":{"line":336,"column":7}},"113":{"start":{"line":339,"column":15},"end":{"line":339,"column":32}},"114":{"start":{"line":340,"column":4},"end":{"line":349,"column":5}},"115":{"start":{"line":341,"column":23},"end":{"line":341,"column":65}},"116":{"start":{"line":343,"column":6},"end":{"line":348,"column":9}},"117":{"start":{"line":351,"column":4},"end":{"line":355,"column":7}},"118":{"start":{"line":357,"column":4},"end":{"line":357,"column":50}},"119":{"start":{"line":358,"column":4},"end":{"line":362,"column":7}},"120":{"start":{"line":366,"column":0},"end":{"line":366,"column":24}}},"fnMap":{"0":{"name":"(anonymous_0)","decl":{"start":{"line":27,"column":23},"end":{"line":27,"column":24}},"loc":{"start":{"line":27,"column":43},"end":{"line":103,"column":1}},"line":27},"1":{"name":"(anonymous_1)","decl":{"start":{"line":109,"column":22},"end":{"line":109,"column":23}},"loc":{"start":{"line":109,"column":42},"end":{"line":163,"column":1}},"line":109},"2":{"name":"(anonymous_2)","decl":{"start":{"line":169,"column":25},"end":{"line":169,"column":26}},"loc":{"start":{"line":169,"column":45},"end":{"line":206,"column":1}},"line":169},"3":{"name":"(anonymous_3)","decl":{"start":{"line":212,"column":33},"end":{"line":212,"column":34}},"loc":{"start":{"line":212,"column":53},"end":{"line":295,"column":1}},"line":212},"4":{"name":"(anonymous_4)","decl":{"start":{"line":301,"column":33},"end":{"line":301,"column":34}},"loc":{"start":{"line":301,"column":53},"end":{"line":364,"column":1}},"line":301}},"branchMap":{"0":{"loc":{"start":{"line":31,"column":4},"end":{"line":37,"column":5}},"type":"if","locations":[{"start":{"line":31,"column":4},"end":{"line":37,"column":5}},{"start":{},"end":{}}],"line":31},"1":{"loc":{"start":{"line":43,"column":4},"end":{"line":48,"column":5}},"type":"if","locations":[{"start":{"line":43,"column":4},"end":{"line":48,"column":5}},{"start":{},"end":{}}],"line":43},"2":{"loc":{"start":{"line":52,"column":4},"end":{"line":57,"column":5}},"type":"if","locations":[{"start":{"line":52,"column":4},"end":{"line":57,"column":5}},{"start":{},"end":{}}],"line":52},"3":{"loc":{"start":{"line":78,"column":4},"end":{"line":88,"column":5}},"type":"if","locations":[{"start":{"line":78,"column":4},"end":{"line":88,"column":5}},{"start":{},"end":{}}],"line":78},"4":{"loc":{"start":{"line":111,"column":20},"end":{"line":111,"column":32}},"type":"default-arg","locations":[{"start":{"line":111,"column":27},"end":{"line":111,"column":32}}],"line":111},"5":{"loc":{"start":{"line":111,"column":34},"end":{"line":111,"column":44}},"type":"default-arg","locations":[{"start":{"line":111,"column":42},"end":{"line":111,"column":44}}],"line":111},"6":{"loc":{"start":{"line":111,"column":46},"end":{"line":111,"column":54}},"type":"default-arg","locations":[{"start":{"line":111,"column":53},"end":{"line":111,"column":54}}],"line":111},"7":{"loc":{"start":{"line":116,"column":4},"end":{"line":121,"column":5}},"type":"if","locations":[{"start":{"line":116,"column":4},"end":{"line":121,"column":5}},{"start":{},"end":{}}],"line":116},"8":{"loc":{"start":{"line":116,"column":8},"end":{"line":116,"column":45}},"type":"binary-expr","locations":[{"start":{"line":116,"column":8},"end":{"line":116,"column":27}},{"start":{"line":116,"column":31},"end":{"line":116,"column":45}}],"line":116},"9":{"loc":{"start":{"line":117,"column":18},"end":{"line":117,"column":33}},"type":"binary-expr","locations":[{"start":{"line":117,"column":18},"end":{"line":117,"column":27}},{"start":{"line":117,"column":31},"end":{"line":117,"column":33}}],"line":117},"10":{"loc":{"start":{"line":119,"column":6},"end":{"line":119,"column":48}},"type":"if","locations":[{"start":{"line":119,"column":6},"end":{"line":119,"column":48}},{"start":{},"end":{}}],"line":119},"11":{"loc":{"start":{"line":123,"column":4},"end":{"line":128,"column":5}},"type":"if","locations":[{"start":{"line":123,"column":4},"end":{"line":128,"column":5}},{"start":{},"end":{}}],"line":123},"12":{"loc":{"start":{"line":123,"column":8},"end":{"line":123,"column":45}},"type":"binary-expr","locations":[{"start":{"line":123,"column":8},"end":{"line":123,"column":27}},{"start":{"line":123,"column":31},"end":{"line":123,"column":45}}],"line":123},"13":{"loc":{"start":{"line":124,"column":18},"end":{"line":124,"column":33}},"type":"binary-expr","locations":[{"start":{"line":124,"column":18},"end":{"line":124,"column":27}},{"start":{"line":124,"column":31},"end":{"line":124,"column":33}}],"line":124},"14":{"loc":{"start":{"line":126,"column":6},"end":{"line":126,"column":48}},"type":"if","locations":[{"start":{"line":126,"column":6},"end":{"line":126,"column":48}},{"start":{},"end":{}}],"line":126},"15":{"loc":{"start":{"line":130,"column":4},"end":{"line":133,"column":5}},"type":"if","locations":[{"start":{"line":130,"column":4},"end":{"line":133,"column":5}},{"start":{},"end":{}}],"line":130},"16":{"loc":{"start":{"line":131,"column":14},"end":{"line":131,"column":88}},"type":"cond-expr","locations":[{"start":{"line":131,"column":36},"end":{"line":131,"column":59}},{"start":{"line":131,"column":62},"end":{"line":131,"column":88}}],"line":131},"17":{"loc":{"start":{"line":132,"column":6},"end":{"line":132,"column":40}},"type":"if","locations":[{"start":{"line":132,"column":6},"end":{"line":132,"column":40}},{"start":{},"end":{}}],"line":132},"18":{"loc":{"start":{"line":135,"column":27},"end":{"line":135,"column":46}},"type":"binary-expr","locations":[{"start":{"line":135,"column":27},"end":{"line":135,"column":41}},{"start":{"line":135,"column":45},"end":{"line":135,"column":46}}],"line":135},"19":{"loc":{"start":{"line":135,"column":67},"end":{"line":135,"column":88}},"type":"binary-expr","locations":[{"start":{"line":135,"column":67},"end":{"line":135,"column":82}},{"start":{"line":135,"column":86},"end":{"line":135,"column":88}}],"line":135},"20":{"loc":{"start":{"line":142,"column":22},"end":{"line":142,"column":43}},"type":"binary-expr","locations":[{"start":{"line":142,"column":22},"end":{"line":142,"column":37}},{"start":{"line":142,"column":41},"end":{"line":142,"column":43}}],"line":142},"21":{"loc":{"start":{"line":151,"column":43},"end":{"line":151,"column":64}},"type":"binary-expr","locations":[{"start":{"line":151,"column":43},"end":{"line":151,"column":58}},{"start":{"line":151,"column":62},"end":{"line":151,"column":64}}],"line":151},"22":{"loc":{"start":{"line":152,"column":30},"end":{"line":152,"column":49}},"type":"binary-expr","locations":[{"start":{"line":152,"column":30},"end":{"line":152,"column":44}},{"start":{"line":152,"column":48},"end":{"line":152,"column":49}}],"line":152},"23":{"loc":{"start":{"line":176,"column":4},"end":{"line":181,"column":5}},"type":"if","locations":[{"start":{"line":176,"column":4},"end":{"line":181,"column":5}},{"start":{},"end":{}}],"line":176},"24":{"loc":{"start":{"line":184,"column":4},"end":{"line":192,"column":5}},"type":"if","locations":[{"start":{"line":184,"column":4},"end":{"line":192,"column":5}},{"start":{},"end":{}}],"line":184},"25":{"loc":{"start":{"line":185,"column":6},"end":{"line":186,"column":58}},"type":"binary-expr","locations":[{"start":{"line":185,"column":6},"end":{"line":185,"column":61}},{"start":{"line":186,"column":6},"end":{"line":186,"column":58}}],"line":185},"26":{"loc":{"start":{"line":216,"column":4},"end":{"line":218,"column":5}},"type":"if","locations":[{"start":{"line":216,"column":4},"end":{"line":218,"column":5}},{"start":{},"end":{}}],"line":216},"27":{"loc":{"start":{"line":220,"column":4},"end":{"line":222,"column":5}},"type":"if","locations":[{"start":{"line":220,"column":4},"end":{"line":222,"column":5}},{"start":{},"end":{}}],"line":220},"28":{"loc":{"start":{"line":224,"column":4},"end":{"line":226,"column":5}},"type":"if","locations":[{"start":{"line":224,"column":4},"end":{"line":226,"column":5}},{"start":{},"end":{}}],"line":224},"29":{"loc":{"start":{"line":233,"column":4},"end":{"line":235,"column":5}},"type":"if","locations":[{"start":{"line":233,"column":4},"end":{"line":235,"column":5}},{"start":{},"end":{}}],"line":233},"30":{"loc":{"start":{"line":233,"column":8},"end":{"line":233,"column":34}},"type":"binary-expr","locations":[{"start":{"line":233,"column":8},"end":{"line":233,"column":20}},{"start":{"line":233,"column":24},"end":{"line":233,"column":34}}],"line":233},"31":{"loc":{"start":{"line":237,"column":4},"end":{"line":239,"column":5}},"type":"if","locations":[{"start":{"line":237,"column":4},"end":{"line":239,"column":5}},{"start":{},"end":{}}],"line":237},"32":{"loc":{"start":{"line":252,"column":19},"end":{"line":252,"column":68}},"type":"binary-expr","locations":[{"start":{"line":252,"column":19},"end":{"line":252,"column":38}},{"start":{"line":252,"column":42},"end":{"line":252,"column":68}}],"line":252},"33":{"loc":{"start":{"line":255,"column":62},"end":{"line":255,"column":111}},"type":"binary-expr","locations":[{"start":{"line":255,"column":62},"end":{"line":255,"column":81}},{"start":{"line":255,"column":85},"end":{"line":255,"column":111}}],"line":255},"34":{"loc":{"start":{"line":268,"column":4},"end":{"line":284,"column":5}},"type":"if","locations":[{"start":{"line":268,"column":4},"end":{"line":284,"column":5}},{"start":{},"end":{}}],"line":268},"35":{"loc":{"start":{"line":305,"column":4},"end":{"line":310,"column":5}},"type":"if","locations":[{"start":{"line":305,"column":4},"end":{"line":310,"column":5}},{"start":{},"end":{}}],"line":305},"36":{"loc":{"start":{"line":313,"column":4},"end":{"line":318,"column":5}},"type":"if","locations":[{"start":{"line":313,"column":4},"end":{"line":318,"column":5}},{"start":{},"end":{}}],"line":313},"37":{"loc":{"start":{"line":321,"column":4},"end":{"line":326,"column":5}},"type":"if","locations":[{"start":{"line":321,"column":4},"end":{"line":326,"column":5}},{"start":{},"end":{}}],"line":321},"38":{"loc":{"start":{"line":340,"column":4},"end":{"line":349,"column":5}},"type":"if","locations":[{"start":{"line":340,"column":4},"end":{"line":349,"column":5}},{"start":{},"end":{}}],"line":340}},"s":{"0":1,"1":1,"2":1,"3":1,"4":1,"5":1,"6":1,"7":1,"8":1,"9":1,"10":1,"11":3,"12":3,"13":3,"14":1,"15":2,"16":2,"17":2,"18":1,"19":1,"20":1,"21":0,"22":1,"23":1,"24":1,"25":1,"26":1,"27":1,"28":1,"29":1,"30":0,"31":0,"32":1,"33":3,"34":3,"35":3,"36":3,"37":3,"38":3,"39":3,"40":1,"41":3,"42":3,"43":2,"44":2,"45":2,"46":1,"47":2,"48":3,"49":1,"50":1,"51":0,"52":3,"53":3,"54":3,"55":3,"56":0,"57":0,"58":1,"59":0,"60":0,"61":0,"62":0,"63":0,"64":0,"65":0,"66":0,"67":0,"68":1,"69":6,"70":6,"71":6,"72":0,"73":6,"74":1,"75":5,"76":1,"77":4,"78":4,"79":0,"80":4,"81":1,"82":3,"83":3,"84":3,"85":3,"86":3,"87":3,"88":3,"89":3,"90":3,"91":3,"92":3,"93":3,"94":3,"95":3,"96":3,"97":3,"98":0,"99":0,"100":1,"101":5,"102":5,"103":5,"104":0,"105":5,"106":1,"107":4,"108":1,"109":3,"110":3,"111":3,"112":3,"113":3,"114":3,"115":3,"116":3,"117":3,"118":0,"119":0,"120":1},"f":{"0":3,"1":3,"2":0,"3":6,"4":5},"b":{"0":[1,2],"1":[1,1],"2":[0,1],"3":[1,0],"4":[2],"5":[3],"6":[3],"7":[3,0],"8":[3,2],"9":[3,3],"10":[1,2],"11":[2,1],"12":[3,3],"13":[2,0],"14":[1,1],"15":[1,2],"16":[1,0],"17":[0,1],"18":[3,0],"19":[3,0],"20":[3,0],"21":[3,0],"22":[3,0],"23":[0,0],"24":[0,0],"25":[0,0],"26":[0,6],"27":[1,5],"28":[1,4],"29":[0,4],"30":[4,4],"31":[1,3],"32":[3,3],"33":[3,3],"34":[3,0],"35":[0,5],"36":[1,4],"37":[1,3],"38":[3,0]},"_coverageSchema":"1a1c01bbd47fc00a2c39e90264f33305004495a9","hash":"7397f5793a816e38e3ca8ac0f8d4705285972e1d"}
,"C:\\Users\\prash\\Desktop\\Prash08484\\SwiftPay\\backend\\routes\\transactions.js": {"path":"C:\\Users\\prash\\Desktop\\Prash08484\\SwiftPay\\backend\\routes\\transactions.js","statementMap":{"0":{"start":{"line":1,"column":16},"end":{"line":1,"column":34}},"1":{"start":{"line":2,"column":14},"end":{"line":2,"column":28}},"2":{"start":{"line":3,"column":15},"end":{"line":3,"column":31}},"3":{"start":{"line":4,"column":13},"end":{"line":4,"column":49}},"4":{"start":{"line":10,"column":4},"end":{"line":10,"column":42}},"5":{"start":{"line":11,"column":26},"end":{"line":11,"column":45}},"6":{"start":{"line":12,"column":20},"end":{"line":12,"column":52}},"7":{"start":{"line":17,"column":23},"end":{"line":21,"column":2}},"8":{"start":{"line":28,"column":0},"end":{"line":103,"column":3}},"9":{"start":{"line":29,"column":2},"end":{"line":102,"column":3}},"10":{"start":{"line":31,"column":23},"end":{"line":31,"column":57}},"11":{"start":{"line":32,"column":4},"end":{"line":38,"column":5}},"12":{"start":{"line":33,"column":6},"end":{"line":37,"column":9}},"13":{"start":{"line":40,"column":39},"end":{"line":40,"column":54}},"14":{"start":{"line":41,"column":23},"end":{"line":41,"column":34}},"15":{"start":{"line":44,"column":4},"end":{"line":49,"column":5}},"16":{"start":{"line":45,"column":6},"end":{"line":48,"column":9}},"17":{"start":{"line":52,"column":22},"end":{"line":52,"column":51}},"18":{"start":{"line":53,"column":4},"end":{"line":58,"column":5}},"19":{"start":{"line":54,"column":6},"end":{"line":57,"column":9}},"20":{"start":{"line":61,"column":19},"end":{"line":66,"column":6}},"21":{"start":{"line":68,"column":4},"end":{"line":74,"column":5}},"22":{"start":{"line":69,"column":25},"end":{"line":69,"column":75}},"23":{"start":{"line":70,"column":6},"end":{"line":73,"column":9}},"24":{"start":{"line":77,"column":15},"end":{"line":77,"column":32}},"25":{"start":{"line":78,"column":4},"end":{"line":88,"column":5}},"26":{"start":{"line":79,"column":21},"end":{"line":79,"column":52}},"27":{"start":{"line":80,"column":6},"end":{"line":87,"column":9}},"28":{"start":{"line":90,"column":4},"end":{"line":94,"column":7}},"29":{"start":{"line":96,"column":4},"end":{"line":96,"column":44}},"30":{"start":{"line":97,"column":4},"end":{"line":101,"column":7}},"31":{"start":{"line":109,"column":0},"end":{"line":131,"column":3}},"32":{"start":{"line":110,"column":2},"end":{"line":130,"column":3}},"33":{"start":{"line":111,"column":37},"end":{"line":111,"column":46}},"34":{"start":{"line":113,"column":19},"end":{"line":117,"column":6}},"35":{"start":{"line":119,"column":4},"end":{"line":122,"column":7}},"36":{"start":{"line":124,"column":4},"end":{"line":124,"column":52}},"37":{"start":{"line":125,"column":4},"end":{"line":129,"column":7}},"38":{"start":{"line":137,"column":0},"end":{"line":153,"column":3}},"39":{"start":{"line":138,"column":2},"end":{"line":152,"column":3}},"40":{"start":{"line":139,"column":18},"end":{"line":139,"column":56}},"41":{"start":{"line":141,"column":4},"end":{"line":144,"column":7}},"42":{"start":{"line":146,"column":4},"end":{"line":146,"column":45}},"43":{"start":{"line":147,"column":4},"end":{"line":151,"column":7}},"44":{"start":{"line":159,"column":0},"end":{"line":177,"column":3}},"45":{"start":{"line":160,"column":2},"end":{"line":176,"column":3}},"46":{"start":{"line":161,"column":27},"end":{"line":161,"column":36}},"47":{"start":{"line":163,"column":24},"end":{"line":163,"column":95}},"48":{"start":{"line":165,"column":4},"end":{"line":168,"column":7}},"49":{"start":{"line":170,"column":4},"end":{"line":170,"column":53}},"50":{"start":{"line":171,"column":4},"end":{"line":175,"column":7}},"51":{"start":{"line":183,"column":0},"end":{"line":219,"column":3}},"52":{"start":{"line":184,"column":2},"end":{"line":218,"column":3}},"53":{"start":{"line":185,"column":24},"end":{"line":187,"column":58}},"54":{"start":{"line":189,"column":4},"end":{"line":194,"column":5}},"55":{"start":{"line":190,"column":6},"end":{"line":193,"column":9}},"56":{"start":{"line":196,"column":26},"end":{"line":196,"column":70}},"57":{"start":{"line":197,"column":21},"end":{"line":197,"column":74}},"58":{"start":{"line":198,"column":23},"end":{"line":198,"column":80}},"59":{"start":{"line":200,"column":4},"end":{"line":205,"column":5}},"60":{"start":{"line":201,"column":6},"end":{"line":204,"column":9}},"61":{"start":{"line":207,"column":4},"end":{"line":210,"column":7}},"62":{"start":{"line":212,"column":4},"end":{"line":212,"column":51}},"63":{"start":{"line":213,"column":4},"end":{"line":217,"column":7}},"64":{"start":{"line":221,"column":0},"end":{"line":221,"column":24}}},"fnMap":{"0":{"name":"(anonymous_0)","decl":{"start":{"line":28,"column":31},"end":{"line":28,"column":32}},"loc":{"start":{"line":28,"column":51},"end":{"line":103,"column":1}},"line":28},"1":{"name":"(anonymous_1)","decl":{"start":{"line":109,"column":22},"end":{"line":109,"column":23}},"loc":{"start":{"line":109,"column":42},"end":{"line":131,"column":1}},"line":109},"2":{"name":"(anonymous_2)","decl":{"start":{"line":137,"column":27},"end":{"line":137,"column":28}},"loc":{"start":{"line":137,"column":47},"end":{"line":153,"column":1}},"line":137},"3":{"name":"(anonymous_3)","decl":{"start":{"line":159,"column":29},"end":{"line":159,"column":30}},"loc":{"start":{"line":159,"column":49},"end":{"line":177,"column":1}},"line":159},"4":{"name":"(anonymous_4)","decl":{"start":{"line":183,"column":25},"end":{"line":183,"column":26}},"loc":{"start":{"line":183,"column":45},"end":{"line":219,"column":1}},"line":183}},"branchMap":{"0":{"loc":{"start":{"line":32,"column":4},"end":{"line":38,"column":5}},"type":"if","locations":[{"start":{"line":32,"column":4},"end":{"line":38,"column":5}},{"start":{},"end":{}}],"line":32},"1":{"loc":{"start":{"line":44,"column":4},"end":{"line":49,"column":5}},"type":"if","locations":[{"start":{"line":44,"column":4},"end":{"line":49,"column":5}},{"start":{},"end":{}}],"line":44},"2":{"loc":{"start":{"line":53,"column":4},"end":{"line":58,"column":5}},"type":"if","locations":[{"start":{"line":53,"column":4},"end":{"line":58,"column":5}},{"start":{},"end":{}}],"line":53},"3":{"loc":{"start":{"line":68,"column":4},"end":{"line":74,"column":5}},"type":"if","locations":[{"start":{"line":68,"column":4},"end":{"line":74,"column":5}},{"start":{},"end":{}}],"line":68},"4":{"loc":{"start":{"line":69,"column":25},"end":{"line":69,"column":75}},"type":"cond-expr","locations":[{"start":{"line":69,"column":66},"end":{"line":69,"column":69}},{"start":{"line":69,"column":72},"end":{"line":69,"column":75}}],"line":69},"5":{"loc":{"start":{"line":78,"column":4},"end":{"line":88,"column":5}},"type":"if","locations":[{"start":{"line":78,"column":4},"end":{"line":88,"column":5}},{"start":{},"end":{}}],"line":78},"6":{"loc":{"start":{"line":86,"column":21},"end":{"line":86,"column":39}},"type":"binary-expr","locations":[{"start":{"line":86,"column":21},"end":{"line":86,"column":25}},{"start":{"line":86,"column":29},"end":{"line":86,"column":39}}],"line":86},"7":{"loc":{"start":{"line":111,"column":12},"end":{"line":111,"column":22}},"type":"default-arg","locations":[{"start":{"line":111,"column":20},"end":{"line":111,"column":22}}],"line":111},"8":{"loc":{"start":{"line":111,"column":24},"end":{"line":111,"column":32}},"type":"default-arg","locations":[{"start":{"line":111,"column":31},"end":{"line":111,"column":32}}],"line":111},"9":{"loc":{"start":{"line":115,"column":22},"end":{"line":115,"column":43}},"type":"binary-expr","locations":[{"start":{"line":115,"column":22},"end":{"line":115,"column":37}},{"start":{"line":115,"column":41},"end":{"line":115,"column":43}}],"line":115},"10":{"loc":{"start":{"line":116,"column":21},"end":{"line":116,"column":40}},"type":"binary-expr","locations":[{"start":{"line":116,"column":21},"end":{"line":116,"column":35}},{"start":{"line":116,"column":39},"end":{"line":116,"column":40}}],"line":116},"11":{"loc":{"start":{"line":161,"column":12},"end":{"line":161,"column":22}},"type":"default-arg","locations":[{"start":{"line":161,"column":21},"end":{"line":161,"column":22}}],"line":161},"12":{"loc":{"start":{"line":163,"column":68},"end":{"line":163,"column":89}},"type":"binary-expr","locations":[{"start":{"line":163,"column":68},"end":{"line":163,"column":84}},{"start":{"line":163,"column":88},"end":{"line":163,"column":89}}],"line":163},"13":{"loc":{"start":{"line":189,"column":4},"end":{"line":194,"column":5}},"type":"if","locations":[{"start":{"line":189,"column":4},"end":{"line":194,"column":5}},{"start":{},"end":{}}],"line":189},"14":{"loc":{"start":{"line":196,"column":33},"end":{"line":196,"column":69}},"type":"binary-expr","locations":[{"start":{"line":196,"column":33},"end":{"line":196,"column":44}},{"start":{"line":196,"column":48},"end":{"line":196,"column":63}},{"start":{"line":196,"column":67},"end":{"line":196,"column":69}}],"line":196},"15":{"loc":{"start":{"line":197,"column":28},"end":{"line":197,"column":73}},"type":"binary-expr","locations":[{"start":{"line":197,"column":28},"end":{"line":197,"column":51}},{"start":{"line":197,"column":55},"end":{"line":197,"column":73}}],"line":197},"16":{"loc":{"start":{"line":198,"column":30},"end":{"line":198,"column":79}},"type":"binary-expr","locations":[{"start":{"line":198,"column":30},"end":{"line":198,"column":55}},{"start":{"line":198,"column":59},"end":{"line":198,"column":79}}],"line":198},"17":{"loc":{"start":{"line":200,"column":4},"end":{"line":205,"column":5}},"type":"if","locations":[{"start":{"line":200,"column":4},"end":{"line":205,"column":5}},{"start":{},"end":{}}],"line":200},"18":{"loc":{"start":{"line":200,"column":8},"end":{"line":200,"column":66}},"type":"binary-expr","locations":[{"start":{"line":200,"column":8},"end":{"line":200,"column":34}},{"start":{"line":200,"column":38},"end":{"line":200,"column":66}}],"line":200}},"s":{"0":0,"1":0,"2":0,"3":0,"4":0,"5":0,"6":0,"7":0,"8":0,"9":0,"10":0,"11":0,"12":0,"13":0,"14":0,"15":0,"16":0,"17":0,"18":0,"19":0,"20":0,"21":0,"22":0,"23":0,"24":0,"25":0,"26":0,"27":0,"28":0,"29":0,"30":0,"31":0,"32":0,"33":0,"34":0,"35":0,"36":0,"37":0,"38":0,"39":0,"40":0,"41":0,"42":0,"43":0,"44":0,"45":0,"46":0,"47":0,"48":0,"49":0,"50":0,"51":0,"52":0,"53":0,"54":0,"55":0,"56":0,"57":0,"58":0,"59":0,"60":0,"61":0,"62":0,"63":0,"64":0},"f":{"0":0,"1":0,"2":0,"3":0,"4":0},"b":{"0":[0,0],"1":[0,0],"2":[0,0],"3":[0,0],"4":[0,0],"5":[0,0],"6":[0,0],"7":[0],"8":[0],"9":[0,0],"10":[0,0],"11":[0],"12":[0,0],"13":[0,0],"14":[0,0,0],"15":[0,0],"16":[0,0],"17":[0,0],"18":[0,0]}}
,"C:\\Users\\prash\\Desktop\\Prash08484\\SwiftPay\\backend\\routes\\user.js": {"path":"C:\\Users\\prash\\Desktop\\Prash08484\\SwiftPay\\backend\\routes\\user.js","statementMap":{"0":{"start":{"line":1,"column":16},"end":{"line":1,"column":34}},"1":{"start":{"line":2,"column":15},"end":{"line":2,"column":32}},"2":{"start":{"line":3,"column":12},"end":{"line":3,"column":35}},"3":{"start":{"line":4,"column":14},"end":{"line":4,"column":28}},"4":{"start":{"line":5,"column":31},"end":{"line":5,"column":50}},"5":{"start":{"line":6,"column":23},"end":{"line":6,"column":59}},"6":{"start":{"line":7,"column":15},"end":{"line":7,"column":35}},"7":{"start":{"line":9,"column":15},"end":{"line":9,"column":31}},"8":{"start":{"line":11,"column":21},"end":{"line":17,"column":2}},"9":{"start":{"line":19,"column":21},"end":{"line":22,"column":2}},"10":{"start":{"line":24,"column":21},"end":{"line":28,"column":11}},"11":{"start":{"line":31,"column":2},"end":{"line":31,"column":63}},"12":{"start":{"line":35,"column":2},"end":{"line":40,"column":4}},"13":{"start":{"line":43,"column":0},"end":{"line":93,"column":3}},"14":{"start":{"line":44,"column":17},"end":{"line":44,"column":49}},"15":{"start":{"line":45,"column":2},"end":{"line":47,"column":3}},"16":{"start":{"line":46,"column":4},"end":{"line":46,"column":85}},"17":{"start":{"line":49,"column":59},"end":{"line":49,"column":70}},"18":{"start":{"line":51,"column":2},"end":{"line":92,"column":3}},"19":{"start":{"line":52,"column":22},"end":{"line":52,"column":84}},"20":{"start":{"line":53,"column":21},"end":{"line":53,"column":133}},"21":{"start":{"line":55,"column":4},"end":{"line":57,"column":5}},"22":{"start":{"line":56,"column":6},"end":{"line":56,"column":89}},"23":{"start":{"line":59,"column":25},"end":{"line":59,"column":57}},"24":{"start":{"line":60,"column":4},"end":{"line":62,"column":5}},"25":{"start":{"line":61,"column":6},"end":{"line":61,"column":94}},"26":{"start":{"line":64,"column":20},"end":{"line":68,"column":6}},"27":{"start":{"line":70,"column":4},"end":{"line":70,"column":58}},"28":{"start":{"line":71,"column":17},"end":{"line":71,"column":37}},"29":{"start":{"line":73,"column":4},"end":{"line":77,"column":6}},"30":{"start":{"line":79,"column":4},"end":{"line":79,"column":74}},"31":{"start":{"line":81,"column":18},"end":{"line":81,"column":105}},"32":{"start":{"line":83,"column":4},"end":{"line":88,"column":7}},"33":{"start":{"line":90,"column":4},"end":{"line":90,"column":50}},"34":{"start":{"line":91,"column":4},"end":{"line":91,"column":89}},"35":{"start":{"line":95,"column":0},"end":{"line":120,"column":3}},"36":{"start":{"line":96,"column":17},"end":{"line":96,"column":49}},"37":{"start":{"line":97,"column":2},"end":{"line":99,"column":3}},"38":{"start":{"line":98,"column":4},"end":{"line":98,"column":86}},"39":{"start":{"line":101,"column":33},"end":{"line":101,"column":44}},"40":{"start":{"line":102,"column":15},"end":{"line":102,"column":47}},"41":{"start":{"line":104,"column":2},"end":{"line":106,"column":3}},"42":{"start":{"line":105,"column":4},"end":{"line":105,"column":79}},"43":{"start":{"line":108,"column":2},"end":{"line":110,"column":3}},"44":{"start":{"line":109,"column":4},"end":{"line":109,"column":83}},"45":{"start":{"line":112,"column":16},"end":{"line":112,"column":103}},"46":{"start":{"line":114,"column":2},"end":{"line":119,"column":5}},"47":{"start":{"line":122,"column":0},"end":{"line":145,"column":3}},"48":{"start":{"line":123,"column":17},"end":{"line":123,"column":49}},"49":{"start":{"line":124,"column":2},"end":{"line":126,"column":3}},"50":{"start":{"line":125,"column":4},"end":{"line":125,"column":85}},"51":{"start":{"line":128,"column":15},"end":{"line":128,"column":46}},"52":{"start":{"line":129,"column":2},"end":{"line":131,"column":3}},"53":{"start":{"line":130,"column":4},"end":{"line":130,"column":79}},"54":{"start":{"line":133,"column":18},"end":{"line":133,"column":36}},"55":{"start":{"line":134,"column":2},"end":{"line":136,"column":3}},"56":{"start":{"line":135,"column":4},"end":{"line":135,"column":63}},"57":{"start":{"line":138,"column":2},"end":{"line":140,"column":5}},"58":{"start":{"line":139,"column":4},"end":{"line":139,"column":29}},"59":{"start":{"line":142,"column":2},"end":{"line":142,"column":20}},"60":{"start":{"line":144,"column":2},"end":{"line":144,"column":107}},"61":{"start":{"line":147,"column":0},"end":{"line":172,"column":3}},"62":{"start":{"line":148,"column":17},"end":{"line":148,"column":54}},"63":{"start":{"line":149,"column":16},"end":{"line":156,"column":8}},"64":{"start":{"line":158,"column":16},"end":{"line":161,"column":11}},"65":{"start":{"line":163,"column":2},"end":{"line":171,"column":5}},"66":{"start":{"line":165,"column":32},"end":{"line":170,"column":5}},"67":{"start":{"line":174,"column":0},"end":{"line":183,"column":3}},"68":{"start":{"line":175,"column":15},"end":{"line":175,"column":46}},"69":{"start":{"line":176,"column":2},"end":{"line":178,"column":3}},"70":{"start":{"line":177,"column":4},"end":{"line":177,"column":79}},"71":{"start":{"line":180,"column":2},"end":{"line":180,"column":25}},"72":{"start":{"line":181,"column":2},"end":{"line":181,"column":50}},"73":{"start":{"line":182,"column":2},"end":{"line":182,"column":87}},"74":{"start":{"line":185,"column":0},"end":{"line":185,"column":24}}},"fnMap":{"0":{"name":"hashOtp","decl":{"start":{"line":30,"column":9},"end":{"line":30,"column":16}},"loc":{"start":{"line":30,"column":22},"end":{"line":32,"column":1}},"line":30},"1":{"name":"toUserResponse","decl":{"start":{"line":34,"column":9},"end":{"line":34,"column":23}},"loc":{"start":{"line":34,"column":30},"end":{"line":41,"column":1}},"line":34},"2":{"name":"(anonymous_2)","decl":{"start":{"line":43,"column":23},"end":{"line":43,"column":24}},"loc":{"start":{"line":43,"column":43},"end":{"line":93,"column":1}},"line":43},"3":{"name":"(anonymous_3)","decl":{"start":{"line":95,"column":23},"end":{"line":95,"column":24}},"loc":{"start":{"line":95,"column":43},"end":{"line":120,"column":1}},"line":95},"4":{"name":"(anonymous_4)","decl":{"start":{"line":122,"column":38},"end":{"line":122,"column":39}},"loc":{"start":{"line":122,"column":58},"end":{"line":145,"column":1}},"line":122},"5":{"name":"(anonymous_5)","decl":{"start":{"line":138,"column":31},"end":{"line":138,"column":32}},"loc":{"start":{"line":138,"column":40},"end":{"line":140,"column":3}},"line":138},"6":{"name":"(anonymous_6)","decl":{"start":{"line":147,"column":36},"end":{"line":147,"column":37}},"loc":{"start":{"line":147,"column":56},"end":{"line":172,"column":1}},"line":147},"7":{"name":"(anonymous_7)","decl":{"start":{"line":165,"column":21},"end":{"line":165,"column":22}},"loc":{"start":{"line":165,"column":32},"end":{"line":170,"column":5}},"line":165},"8":{"name":"(anonymous_8)","decl":{"start":{"line":174,"column":41},"end":{"line":174,"column":42}},"loc":{"start":{"line":174,"column":61},"end":{"line":183,"column":1}},"line":174}},"branchMap":{"0":{"loc":{"start":{"line":45,"column":2},"end":{"line":47,"column":3}},"type":"if","locations":[{"start":{"line":45,"column":2},"end":{"line":47,"column":3}},{"start":{},"end":{}}],"line":45},"1":{"loc":{"start":{"line":53,"column":21},"end":{"line":53,"column":133}},"type":"binary-expr","locations":[{"start":{"line":53,"column":21},"end":{"line":53,"column":30}},{"start":{"line":53,"column":34},"end":{"line":53,"column":49}},{"start":{"line":53,"column":53},"end":{"line":53,"column":95}},{"start":{"line":53,"column":99},"end":{"line":53,"column":133}}],"line":53},"2":{"loc":{"start":{"line":55,"column":4},"end":{"line":57,"column":5}},"type":"if","locations":[{"start":{"line":55,"column":4},"end":{"line":57,"column":5}},{"start":{},"end":{}}],"line":55},"3":{"loc":{"start":{"line":60,"column":4},"end":{"line":62,"column":5}},"type":"if","locations":[{"start":{"line":60,"column":4},"end":{"line":62,"column":5}},{"start":{},"end":{}}],"line":60},"4":{"loc":{"start":{"line":97,"column":2},"end":{"line":99,"column":3}},"type":"if","locations":[{"start":{"line":97,"column":2},"end":{"line":99,"column":3}},{"start":{},"end":{}}],"line":97},"5":{"loc":{"start":{"line":104,"column":2},"end":{"line":106,"column":3}},"type":"if","locations":[{"start":{"line":104,"column":2},"end":{"line":106,"column":3}},{"start":{},"end":{}}],"line":104},"6":{"loc":{"start":{"line":108,"column":2},"end":{"line":110,"column":3}},"type":"if","locations":[{"start":{"line":108,"column":2},"end":{"line":110,"column":3}},{"start":{},"end":{}}],"line":108},"7":{"loc":{"start":{"line":124,"column":2},"end":{"line":126,"column":3}},"type":"if","locations":[{"start":{"line":124,"column":2},"end":{"line":126,"column":3}},{"start":{},"end":{}}],"line":124},"8":{"loc":{"start":{"line":129,"column":2},"end":{"line":131,"column":3}},"type":"if","locations":[{"start":{"line":129,"column":2},"end":{"line":131,"column":3}},{"start":{},"end":{}}],"line":129},"9":{"loc":{"start":{"line":134,"column":2},"end":{"line":136,"column":3}},"type":"if","locations":[{"start":{"line":134,"column":2},"end":{"line":136,"column":3}},{"start":{},"end":{}}],"line":134},"10":{"loc":{"start":{"line":148,"column":24},"end":{"line":148,"column":46}},"type":"binary-expr","locations":[{"start":{"line":148,"column":24},"end":{"line":148,"column":40}},{"start":{"line":148,"column":44},"end":{"line":148,"column":46}}],"line":148},"11":{"loc":{"start":{"line":149,"column":16},"end":{"line":156,"column":8}},"type":"cond-expr","locations":[{"start":{"line":150,"column":6},"end":{"line":155,"column":7}},{"start":{"line":156,"column":6},"end":{"line":156,"column":8}}],"line":149},"12":{"loc":{"start":{"line":176,"column":2},"end":{"line":178,"column":3}},"type":"if","locations":[{"start":{"line":176,"column":2},"end":{"line":178,"column":3}},{"start":{},"end":{}}],"line":176}},"s":{"0":0,"1":0,"2":0,"3":0,"4":0,"5":0,"6":0,"7":0,"8":0,"9":0,"10":0,"11":0,"12":0,"13":0,"14":0,"15":0,"16":0,"17":0,"18":0,"19":0,"20":0,"21":0,"22":0,"23":0,"24":0,"25":0,"26":0,"27":0,"28":0,"29":0,"30":0,"31":0,"32":0,"33":0,"34":0,"35":0,"36":0,"37":0,"38":0,"39":0,"40":0,"41":0,"42":0,"43":0,"44":0,"45":0,"46":0,"47":0,"48":0,"49":0,"50":0,"51":0,"52":0,"53":0,"54":0,"55":0,"56":0,"57":0,"58":0,"59":0,"60":0,"61":0,"62":0,"63":0,"64":0,"65":0,"66":0,"67":0,"68":0,"69":0,"70":0,"71":0,"72":0,"73":0,"74":0},"f":{"0":0,"1":0,"2":0,"3":0,"4":0,"5":0,"6":0,"7":0,"8":0},"b":{"0":[0,0],"1":[0,0,0,0],"2":[0,0],"3":[0,0],"4":[0,0],"5":[0,0],"6":[0,0],"7":[0,0],"8":[0,0],"9":[0,0],"10":[0,0],"11":[0,0],"12":[0,0]}}
,"C:\\Users\\prash\\Desktop\\Prash08484\\SwiftPay\\backend\\services\\transferService.js": {"path":"C:\\Users\\prash\\Desktop\\Prash08484\\SwiftPay\\backend\\services\\transferService.js","statementMap":{"0":{"start":{"line":1,"column":17},"end":{"line":1,"column":36}},"1":{"start":{"line":2,"column":26},"end":{"line":2,"column":45}},"2":{"start":{"line":3,"column":20},"end":{"line":3,"column":52}},"3":{"start":{"line":19,"column":2},"end":{"line":24,"column":3}},"4":{"start":{"line":20,"column":18},"end":{"line":20,"column":69}},"5":{"start":{"line":21,"column":3},"end":{"line":21,"column":55}},"6":{"start":{"line":23,"column":3},"end":{"line":23,"column":16}},"7":{"start":{"line":27,"column":20},"end":{"line":27,"column":37}},"8":{"start":{"line":30,"column":14},"end":{"line":30,"column":31}},"9":{"start":{"line":30,"column":20},"end":{"line":30,"column":31}},"10":{"start":{"line":31,"column":19},"end":{"line":31,"column":32}},"11":{"start":{"line":32,"column":2},"end":{"line":32,"column":42}},"12":{"start":{"line":33,"column":2},"end":{"line":33,"column":23}},"13":{"start":{"line":37,"column":2},"end":{"line":39,"column":3}},"14":{"start":{"line":38,"column":3},"end":{"line":38,"column":52}},"15":{"start":{"line":41,"column":2},"end":{"line":43,"column":3}},"16":{"start":{"line":42,"column":3},"end":{"line":42,"column":59}},"17":{"start":{"line":45,"column":24},"end":{"line":45,"column":38}},"18":{"start":{"line":46,"column":2},"end":{"line":48,"column":3}},"19":{"start":{"line":47,"column":3},"end":{"line":47,"column":50}},"20":{"start":{"line":50,"column":22},"end":{"line":50,"column":48}},"21":{"start":{"line":52,"column":2},"end":{"line":99,"column":3}},"22":{"start":{"line":53,"column":3},"end":{"line":98,"column":6}},"23":{"start":{"line":54,"column":32},"end":{"line":57,"column":7}},"24":{"start":{"line":59,"column":5},"end":{"line":61,"column":6}},"25":{"start":{"line":60,"column":7},"end":{"line":60,"column":57}},"26":{"start":{"line":63,"column":5},"end":{"line":65,"column":6}},"27":{"start":{"line":64,"column":7},"end":{"line":64,"column":58}},"28":{"start":{"line":67,"column":5},"end":{"line":67,"column":39}},"29":{"start":{"line":68,"column":5},"end":{"line":68,"column":37}},"30":{"start":{"line":70,"column":5},"end":{"line":70,"column":27}},"31":{"start":{"line":71,"column":5},"end":{"line":71,"column":25}},"32":{"start":{"line":73,"column":30},"end":{"line":73,"column":124}},"33":{"start":{"line":74,"column":16},"end":{"line":84,"column":7}},"34":{"start":{"line":86,"column":5},"end":{"line":97,"column":7}},"35":{"start":{"line":101,"column":18},"end":{"line":101,"column":47}},"36":{"start":{"line":102,"column":2},"end":{"line":102,"column":29}},"37":{"start":{"line":104,"column":2},"end":{"line":165,"column":3}},"38":{"start":{"line":105,"column":30},"end":{"line":108,"column":5}},"39":{"start":{"line":110,"column":3},"end":{"line":114,"column":4}},"40":{"start":{"line":111,"column":5},"end":{"line":111,"column":38}},"41":{"start":{"line":112,"column":5},"end":{"line":112,"column":26}},"42":{"start":{"line":113,"column":5},"end":{"line":113,"column":55}},"43":{"start":{"line":116,"column":3},"end":{"line":120,"column":4}},"44":{"start":{"line":117,"column":5},"end":{"line":117,"column":38}},"45":{"start":{"line":118,"column":5},"end":{"line":118,"column":26}},"46":{"start":{"line":119,"column":5},"end":{"line":119,"column":56}},"47":{"start":{"line":122,"column":3},"end":{"line":122,"column":37}},"48":{"start":{"line":123,"column":3},"end":{"line":123,"column":35}},"49":{"start":{"line":125,"column":3},"end":{"line":125,"column":36}},"50":{"start":{"line":126,"column":3},"end":{"line":126,"column":34}},"51":{"start":{"line":128,"column":28},"end":{"line":128,"column":122}},"52":{"start":{"line":130,"column":14},"end":{"line":143,"column":4}},"53":{"start":{"line":145,"column":3},"end":{"line":145,"column":37}},"54":{"start":{"line":146,"column":3},"end":{"line":146,"column":24}},"55":{"start":{"line":148,"column":3},"end":{"line":159,"column":5}},"56":{"start":{"line":161,"column":3},"end":{"line":161,"column":36}},"57":{"start":{"line":162,"column":3},"end":{"line":162,"column":24}},"58":{"start":{"line":163,"column":3},"end":{"line":163,"column":43}},"59":{"start":{"line":164,"column":3},"end":{"line":164,"column":15}},"60":{"start":{"line":176,"column":2},"end":{"line":203,"column":3}},"61":{"start":{"line":177,"column":17},"end":{"line":177,"column":35}},"62":{"start":{"line":180,"column":25},"end":{"line":188,"column":13}},"63":{"start":{"line":190,"column":18},"end":{"line":192,"column":6}},"64":{"start":{"line":194,"column":4},"end":{"line":199,"column":6}},"65":{"start":{"line":201,"column":4},"end":{"line":201,"column":52}},"66":{"start":{"line":202,"column":4},"end":{"line":202,"column":16}},"67":{"start":{"line":212,"column":2},"end":{"line":245,"column":3}},"68":{"start":{"line":213,"column":25},"end":{"line":213,"column":60}},"69":{"start":{"line":214,"column":18},"end":{"line":235,"column":6}},"70":{"start":{"line":237,"column":4},"end":{"line":241,"column":6}},"71":{"start":{"line":243,"column":4},"end":{"line":243,"column":57}},"72":{"start":{"line":244,"column":4},"end":{"line":244,"column":16}},"73":{"start":{"line":255,"column":2},"end":{"line":297,"column":3}},"74":{"start":{"line":256,"column":17},"end":{"line":286,"column":6}},"75":{"start":{"line":288,"column":4},"end":{"line":293,"column":8}},"76":{"start":{"line":288,"column":31},"end":{"line":293,"column":5}},"77":{"start":{"line":295,"column":4},"end":{"line":295,"column":53}},"78":{"start":{"line":296,"column":4},"end":{"line":296,"column":16}},"79":{"start":{"line":300,"column":0},"end":{"line":305,"column":2}}},"fnMap":{"0":{"name":"canUseTransactions","decl":{"start":{"line":18,"column":15},"end":{"line":18,"column":33}},"loc":{"start":{"line":18,"column":36},"end":{"line":25,"column":1}},"line":18},"1":{"name":"queueTransferOperation","decl":{"start":{"line":29,"column":9},"end":{"line":29,"column":31}},"loc":{"start":{"line":29,"column":43},"end":{"line":34,"column":1}},"line":29},"2":{"name":"(anonymous_2)","decl":{"start":{"line":30,"column":14},"end":{"line":30,"column":15}},"loc":{"start":{"line":30,"column":20},"end":{"line":30,"column":31}},"line":30},"3":{"name":"transfer","decl":{"start":{"line":36,"column":15},"end":{"line":36,"column":23}},"loc":{"start":{"line":36,"column":61},"end":{"line":166,"column":1}},"line":36},"4":{"name":"(anonymous_4)","decl":{"start":{"line":53,"column":33},"end":{"line":53,"column":34}},"loc":{"start":{"line":53,"column":45},"end":{"line":98,"column":4}},"line":53},"5":{"name":"getTransactions","decl":{"start":{"line":175,"column":15},"end":{"line":175,"column":30}},"loc":{"start":{"line":175,"column":65},"end":{"line":204,"column":1}},"line":175},"6":{"name":"getTransactionStats","decl":{"start":{"line":211,"column":15},"end":{"line":211,"column":34}},"loc":{"start":{"line":211,"column":43},"end":{"line":246,"column":1}},"line":211},"7":{"name":"getMonthlyStats","decl":{"start":{"line":254,"column":15},"end":{"line":254,"column":30}},"loc":{"start":{"line":254,"column":51},"end":{"line":298,"column":1}},"line":254},"8":{"name":"(anonymous_8)","decl":{"start":{"line":288,"column":20},"end":{"line":288,"column":21}},"loc":{"start":{"line":288,"column":31},"end":{"line":293,"column":5}},"line":288}},"branchMap":{"0":{"loc":{"start":{"line":21,"column":18},"end":{"line":21,"column":53}},"type":"binary-expr","locations":[{"start":{"line":21,"column":18},"end":{"line":21,"column":30}},{"start":{"line":21,"column":34},"end":{"line":21,"column":53}}],"line":21},"1":{"loc":{"start":{"line":36,"column":48},"end":{"line":36,"column":57}},"type":"default-arg","locations":[{"start":{"line":36,"column":55},"end":{"line":36,"column":57}}],"line":36},"2":{"loc":{"start":{"line":37,"column":2},"end":{"line":39,"column":3}},"type":"if","locations":[{"start":{"line":37,"column":2},"end":{"line":39,"column":3}},{"start":{},"end":{}}],"line":37},"3":{"loc":{"start":{"line":37,"column":6},"end":{"line":37,"column":108}},"type":"binary-expr","locations":[{"start":{"line":37,"column":6},"end":{"line":37,"column":13}},{"start":{"line":37,"column":17},"end":{"line":37,"column":22}},{"start":{"line":37,"column":26},"end":{"line":37,"column":66}},{"start":{"line":37,"column":70},"end":{"line":37,"column":108}}],"line":37},"4":{"loc":{"start":{"line":41,"column":2},"end":{"line":43,"column":3}},"type":"if","locations":[{"start":{"line":41,"column":2},"end":{"line":43,"column":3}},{"start":{},"end":{}}],"line":41},"5":{"loc":{"start":{"line":46,"column":2},"end":{"line":48,"column":3}},"type":"if","locations":[{"start":{"line":46,"column":2},"end":{"line":48,"column":3}},{"start":{},"end":{}}],"line":46},"6":{"loc":{"start":{"line":46,"column":6},"end":{"line":46,"column":88}},"type":"binary-expr","locations":[{"start":{"line":46,"column":6},"end":{"line":46,"column":37}},{"start":{"line":46,"column":41},"end":{"line":46,"column":59}},{"start":{"line":46,"column":63},"end":{"line":46,"column":88}}],"line":46},"7":{"loc":{"start":{"line":52,"column":2},"end":{"line":99,"column":3}},"type":"if","locations":[{"start":{"line":52,"column":2},"end":{"line":99,"column":3}},{"start":{},"end":{}}],"line":52},"8":{"loc":{"start":{"line":59,"column":5},"end":{"line":61,"column":6}},"type":"if","locations":[{"start":{"line":59,"column":5},"end":{"line":61,"column":6}},{"start":{},"end":{}}],"line":59},"9":{"loc":{"start":{"line":59,"column":9},"end":{"line":59,"column":29}},"type":"binary-expr","locations":[{"start":{"line":59,"column":9},"end":{"line":59,"column":18}},{"start":{"line":59,"column":22},"end":{"line":59,"column":29}}],"line":59},"10":{"loc":{"start":{"line":63,"column":5},"end":{"line":65,"column":6}},"type":"if","locations":[{"start":{"line":63,"column":5},"end":{"line":65,"column":6}},{"start":{},"end":{}}],"line":63},"11":{"loc":{"start":{"line":73,"column":30},"end":{"line":73,"column":124}},"type":"cond-expr","locations":[{"start":{"line":73,"column":98},"end":{"line":73,"column":112}},{"start":{"line":73,"column":115},"end":{"line":73,"column":124}}],"line":73},"12":{"loc":{"start":{"line":73,"column":30},"end":{"line":73,"column":95}},"type":"binary-expr","locations":[{"start":{"line":73,"column":30},"end":{"line":73,"column":44}},{"start":{"line":73,"column":48},"end":{"line":73,"column":95}}],"line":73},"13":{"loc":{"start":{"line":80,"column":20},"end":{"line":80,"column":43}},"type":"binary-expr","locations":[{"start":{"line":80,"column":20},"end":{"line":80,"column":29}},{"start":{"line":80,"column":33},"end":{"line":80,"column":43}}],"line":80},"14":{"loc":{"start":{"line":110,"column":3},"end":{"line":114,"column":4}},"type":"if","locations":[{"start":{"line":110,"column":3},"end":{"line":114,"column":4}},{"start":{},"end":{}}],"line":110},"15":{"loc":{"start":{"line":110,"column":7},"end":{"line":110,"column":27}},"type":"binary-expr","locations":[{"start":{"line":110,"column":7},"end":{"line":110,"column":16}},{"start":{"line":110,"column":20},"end":{"line":110,"column":27}}],"line":110},"16":{"loc":{"start":{"line":116,"column":3},"end":{"line":120,"column":4}},"type":"if","locations":[{"start":{"line":116,"column":3},"end":{"line":120,"column":4}},{"start":{},"end":{}}],"line":116},"17":{"loc":{"start":{"line":128,"column":28},"end":{"line":128,"column":122}},"type":"cond-expr","locations":[{"start":{"line":128,"column":96},"end":{"line":128,"column":110}},{"start":{"line":128,"column":113},"end":{"line":128,"column":122}}],"line":128},"18":{"loc":{"start":{"line":128,"column":28},"end":{"line":128,"column":93}},"type":"binary-expr","locations":[{"start":{"line":128,"column":28},"end":{"line":128,"column":42}},{"start":{"line":128,"column":46},"end":{"line":128,"column":93}}],"line":128},"19":{"loc":{"start":{"line":137,"column":20},"end":{"line":137,"column":43}},"type":"binary-expr","locations":[{"start":{"line":137,"column":20},"end":{"line":137,"column":29}},{"start":{"line":137,"column":33},"end":{"line":137,"column":43}}],"line":137},"20":{"loc":{"start":{"line":175,"column":41},"end":{"line":175,"column":51}},"type":"default-arg","locations":[{"start":{"line":175,"column":49},"end":{"line":175,"column":51}}],"line":175},"21":{"loc":{"start":{"line":175,"column":53},"end":{"line":175,"column":61}},"type":"default-arg","locations":[{"start":{"line":175,"column":60},"end":{"line":175,"column":61}}],"line":175},"22":{"loc":{"start":{"line":238,"column":17},"end":{"line":238,"column":45}},"type":"binary-expr","locations":[{"start":{"line":238,"column":17},"end":{"line":238,"column":40}},{"start":{"line":238,"column":44},"end":{"line":238,"column":45}}],"line":238},"23":{"loc":{"start":{"line":239,"column":21},"end":{"line":239,"column":53}},"type":"binary-expr","locations":[{"start":{"line":239,"column":21},"end":{"line":239,"column":48}},{"start":{"line":239,"column":52},"end":{"line":239,"column":53}}],"line":239},"24":{"loc":{"start":{"line":240,"column":24},"end":{"line":240,"column":53}},"type":"binary-expr","locations":[{"start":{"line":240,"column":24},"end":{"line":240,"column":48}},{"start":{"line":240,"column":52},"end":{"line":240,"column":53}}],"line":240},"25":{"loc":{"start":{"line":254,"column":39},"end":{"line":254,"column":49}},"type":"default-arg","locations":[{"start":{"line":254,"column":48},"end":{"line":254,"column":49}}],"line":254}},"s":{"0":1,"1":1,"2":1,"3":42,"4":42,"5":42,"6":0,"7":1,"8":42,"9":42,"10":42,"11":42,"12":42,"13":44,"14":0,"15":44,"16":1,"17":43,"18":43,"19":1,"20":42,"21":42,"22":42,"23":42,"24":42,"25":1,"26":41,"27":1,"28":40,"29":40,"30":40,"31":40,"32":40,"33":40,"34":40,"35":0,"36":0,"37":0,"38":0,"39":0,"40":0,"41":0,"42":0,"43":0,"44":0,"45":0,"46":0,"47":0,"48":0,"49":0,"50":0,"51":0,"52":0,"53":0,"54":0,"55":0,"56":0,"57":0,"58":0,"59":0,"60":4,"61":4,"62":4,"63":4,"64":4,"65":0,"66":0,"67":2,"68":2,"69":2,"70":2,"71":0,"72":0,"73":0,"74":0,"75":0,"76":0,"77":0,"78":0,"79":1},"f":{"0":42,"1":42,"2":42,"3":44,"4":42,"5":4,"6":2,"7":0,"8":0},"b":{"0":[42,0],"1":[42],"2":[0,44],"3":[44,44,44,44],"4":[1,43],"5":[1,42],"6":[43,43,42],"7":[42,0],"8":[1,41],"9":[42,42],"10":[1,40],"11":[0,40],"12":[40,0],"13":[40,38],"14":[0,0],"15":[0,0],"16":[0,0],"17":[0,0],"18":[0,0],"19":[0,0],"20":[0],"21":[0],"22":[2,1],"23":[2,1],"24":[2,0],"25":[0]},"_coverageSchema":"1a1c01bbd47fc00a2c39e90264f33305004495a9","hash":"c6a4a14c7a6cb689bb94a5560b558216ba7adf24"}
,"C:\\Users\\prash\\Desktop\\Prash08484\\SwiftPay\\backend\\utils\\mailSender.js": {"path":"C:\\Users\\prash\\Desktop\\Prash08484\\SwiftPay\\backend\\utils\\mailSender.js","statementMap":{"0":{"start":{"line":1,"column":19},"end":{"line":1,"column":40}},"1":{"start":{"line":2,"column":0},"end":{"line":2,"column":27}},"2":{"start":{"line":4,"column":19},"end":{"line":34,"column":1}},"3":{"start":{"line":5,"column":2},"end":{"line":33,"column":3}},"4":{"start":{"line":8,"column":21},"end":{"line":19,"column":5}},"5":{"start":{"line":21,"column":22},"end":{"line":21,"column":60}},"6":{"start":{"line":24,"column":15},"end":{"line":29,"column":6}},"7":{"start":{"line":30,"column":4},"end":{"line":30,"column":16}},"8":{"start":{"line":32,"column":4},"end":{"line":32,"column":41}},"9":{"start":{"line":35,"column":0},"end":{"line":35,"column":28}}},"fnMap":{"0":{"name":"(anonymous_0)","decl":{"start":{"line":4,"column":19},"end":{"line":4,"column":20}},"loc":{"start":{"line":4,"column":49},"end":{"line":34,"column":1}},"line":4}},"branchMap":{"0":{"loc":{"start":{"line":9,"column":15},"end":{"line":9,"column":51}},"type":"binary-expr","locations":[{"start":{"line":9,"column":15},"end":{"line":9,"column":40}},{"start":{"line":9,"column":44},"end":{"line":9,"column":51}}],"line":9}},"s":{"0":0,"1":0,"2":0,"3":0,"4":0,"5":0,"6":0,"7":0,"8":0,"9":0},"f":{"0":0},"b":{"0":[0,0]}}
}
