TN:
SF:middlewares\middleware.js
FN:4,(anonymous_0)
FNF:1
FNH:1
FNDA:18,(anonymous_0)
DA:1,1
DA:2,1
DA:4,1
DA:5,18
DA:7,18
DA:8,1
DA:11,17
DA:13,17
DA:14,17
DA:15,17
DA:17,17
DA:18,0
DA:21,17
DA:22,17
DA:23,17
DA:24,17
DA:26,0
DA:30,1
LF:18
LH:16
BRDA:7,0,0,1
BRDA:7,0,1,17
BRDA:7,1,0,18
BRDA:7,1,1,17
BRDA:15,2,0,17
BRDA:15,2,1,17
BRDA:17,3,0,0
BRDA:17,3,1,17
BRDA:17,4,0,17
BRDA:17,4,1,17
BRF:10
BRH:9
end_of_record
TN:
SF:models\paymentRequest.js
FN:65,(anonymous_0)
FNF:1
FNH:1
FNDA:23,(anonymous_0)
DA:1,1
DA:8,1
DA:61,1
DA:62,1
DA:65,1
DA:66,23
DA:67,23
DA:68,0
DA:70,23
DA:73,1
DA:75,1
LF:11
LH:10
BRDA:67,0,0,0
BRDA:67,0,1,23
BRDA:67,1,0,23
BRDA:67,1,1,6
BRF:4
BRH:3
end_of_record
TN:
SF:models\transaction.js
FN:74,(anonymous_0)
FNF:1
FNH:0
FNDA:0,(anonymous_0)
DA:1,2
DA:7,2
DA:69,2
DA:70,2
DA:71,2
DA:74,2
DA:75,0
DA:86,2
DA:88,2
LF:9
LH:8
BRF:0
BRH:0
end_of_record
TN:
SF:routes\account.js
FN:14,(anonymous_0)
FN:22,(anonymous_1)
FNF:2
FNH:0
FNDA:0,(anonymous_0)
FNDA:0,(anonymous_1)
DA:1,0
DA:2,0
DA:3,0
DA:4,0
DA:5,0
DA:6,0
DA:8,0
DA:14,0
DA:15,0
DA:16,0
DA:17,0
DA:19,0
DA:22,0
DA:23,0
DA:24,0
DA:25,0
DA:28,0
DA:29,0
DA:36,0
DA:37,0
DA:40,0
DA:43,0
LF:22
LH:0
BRDA:16,0,0,0
BRDA:16,0,1,0
BRDA:24,1,0,0
BRDA:24,1,1,0
BRDA:36,2,0,0
BRDA:36,2,1,0
BRDA:37,3,0,0
BRDA:37,3,1,0
BRF:8
BRH:0
end_of_record
TN:
SF:routes\index.js
FNF:0
FNH:0
DA:1,0
DA:2,0
DA:3,0
DA:4,0
DA:5,0
DA:8,0
DA:10,0
DA:12,0
DA:17,0
DA:21,0
DA:22,0
DA:23,0
DA:25,0
LF:13
LH:0
BRF:0
BRH:0
end_of_record
TN:
SF:routes\otp.js
FN:13,hashOtp
FN:17,(anonymous_1)
FNF:2
FNH:0
FNDA:0,hashOtp
FNDA:0,(anonymous_1)
DA:1,0
DA:2,0
DA:3,0
DA:4,0
DA:5,0
DA:6,0
DA:7,0
DA:9,0
DA:10,0
DA:11,0
DA:14,0
DA:17,0
DA:18,0
DA:19,0
DA:20,0
DA:23,0
DA:24,0
DA:25,0
DA:28,0
DA:29,0
DA:30,0
DA:31,0
DA:32,0
DA:35,0
DA:36,0
DA:37,0
DA:40,0
DA:46,0
DA:47,0
DA:49,0
DA:57,0
DA:58,0
DA:64,0
DA:65,0
DA:68,0
DA:70,0
DA:71,0
DA:75,0
LF:38
LH:0
BRDA:19,0,0,0
BRDA:19,0,1,0
BRDA:24,1,0,0
BRDA:24,1,1,0
BRDA:31,2,0,0
BRDA:31,2,1,0
BRDA:36,3,0,0
BRDA:36,3,1,0
BRDA:36,4,0,0
BRDA:36,4,1,0
BRF:10
BRH:0
end_of_record
TN:
SF:routes\requests.js
FN:27,(anonymous_0)
FN:109,(anonymous_1)
FN:169,(anonymous_2)
FN:212,(anonymous_3)
FN:301,(anonymous_4)
FNF:5
FNH:4
FNDA:3,(anonymous_0)
FNDA:3,(anonymous_1)
FNDA:0,(anonymous_2)
FNDA:6,(anonymous_3)
FNDA:5,(anonymous_4)
DA:1,1
DA:2,1
DA:3,1
DA:4,1
DA:5,1
DA:6,1
DA:7,1
DA:8,1
DA:13,1
DA:19,1
DA:27,1
DA:28,3
DA:30,3
DA:31,3
DA:32,1
DA:39,2
DA:40,2
DA:43,2
DA:44,1
DA:51,1
DA:52,1
DA:53,0
DA:60,1
DA:68,1
DA:71,1
DA:77,1
DA:78,1
DA:79,1
DA:80,1
DA:90,1
DA:96,0
DA:97,0
DA:109,1
DA:110,3
DA:111,3
DA:113,3
DA:116,3
DA:117,3
DA:118,3
DA:119,3
DA:120,3
DA:123,3
DA:124,2
DA:125,2
DA:126,2
DA:127,2
DA:130,3
DA:131,1
DA:132,1
DA:135,3
DA:137,3
DA:144,3
DA:146,3
DA:156,0
DA:157,0
DA:169,1
DA:170,0
DA:171,0
DA:176,0
DA:177,0
DA:184,0
DA:188,0
DA:194,0
DA:199,0
DA:200,0
DA:212,1
DA:213,6
DA:214,6
DA:216,6
DA:217,0
DA:220,6
DA:221,1
DA:224,5
DA:225,1
DA:228,4
DA:233,4
DA:234,0
DA:237,4
DA:238,1
DA:241,3
DA:242,3
DA:243,3
DA:244,3
DA:246,3
DA:258,3
DA:259,3
DA:260,3
DA:261,3
DA:263,3
DA:267,3
DA:268,3
DA:269,3
DA:270,3
DA:277,3
DA:286,3
DA:292,0
DA:293,0
DA:301,1
DA:302,5
DA:303,5
DA:305,5
DA:306,0
DA:313,5
DA:314,1
DA:321,4
DA:322,1
DA:329,3
DA:330,3
DA:331,3
DA:333,3
DA:339,3
DA:340,3
DA:341,3
DA:343,3
DA:351,3
DA:357,0
DA:358,0
DA:366,1
LF:118
LH:97
BRDA:31,0,0,1
BRDA:31,0,1,2
BRDA:43,1,0,1
BRDA:43,1,1,1
BRDA:52,2,0,0
BRDA:52,2,1,1
BRDA:78,3,0,1
BRDA:78,3,1,0
BRDA:111,4,0,2
BRDA:111,5,0,3
BRDA:111,6,0,3
BRDA:116,7,0,3
BRDA:116,7,1,0
BRDA:116,8,0,3
BRDA:116,8,1,2
BRDA:117,9,0,3
BRDA:117,9,1,3
BRDA:119,10,0,1
BRDA:119,10,1,2
BRDA:123,11,0,2
BRDA:123,11,1,1
BRDA:123,12,0,3
BRDA:123,12,1,3
BRDA:124,13,0,2
BRDA:124,13,1,0
BRDA:126,14,0,1
BRDA:126,14,1,1
BRDA:130,15,0,1
BRDA:130,15,1,2
BRDA:131,16,0,1
BRDA:131,16,1,0
BRDA:132,17,0,0
BRDA:132,17,1,1
BRDA:135,18,0,3
BRDA:135,18,1,0
BRDA:135,19,0,3
BRDA:135,19,1,0
BRDA:142,20,0,3
BRDA:142,20,1,0
BRDA:151,21,0,3
BRDA:151,21,1,0
BRDA:152,22,0,3
BRDA:152,22,1,0
BRDA:176,23,0,0
BRDA:176,23,1,0
BRDA:184,24,0,0
BRDA:184,24,1,0
BRDA:185,25,0,0
BRDA:185,25,1,0
BRDA:216,26,0,0
BRDA:216,26,1,6
BRDA:220,27,0,1
BRDA:220,27,1,5
BRDA:224,28,0,1
BRDA:224,28,1,4
BRDA:233,29,0,0
BRDA:233,29,1,4
BRDA:233,30,0,4
BRDA:233,30,1,4
BRDA:237,31,0,1
BRDA:237,31,1,3
BRDA:252,32,0,3
BRDA:252,32,1,3
BRDA:255,33,0,3
BRDA:255,33,1,3
BRDA:268,34,0,3
BRDA:268,34,1,0
BRDA:305,35,0,0
BRDA:305,35,1,5
BRDA:313,36,0,1
BRDA:313,36,1,4
BRDA:321,37,0,1
BRDA:321,37,1,3
BRDA:340,38,0,3
BRDA:340,38,1,0
BRF:75
BRH:53
end_of_record
TN:
SF:routes\transactions.js
FN:28,(anonymous_0)
FN:109,(anonymous_1)
FN:137,(anonymous_2)
FN:159,(anonymous_3)
FN:183,(anonymous_4)
FNF:5
FNH:0
FNDA:0,(anonymous_0)
FNDA:0,(anonymous_1)
FNDA:0,(anonymous_2)
FNDA:0,(anonymous_3)
FNDA:0,(anonymous_4)
DA:1,0
DA:2,0
DA:3,0
DA:4,0
DA:10,0
DA:11,0
DA:12,0
DA:17,0
DA:28,0
DA:29,0
DA:31,0
DA:32,0
DA:33,0
DA:40,0
DA:41,0
DA:44,0
DA:45,0
DA:52,0
DA:53,0
DA:54,0
DA:61,0
DA:68,0
DA:69,0
DA:70,0
DA:77,0
DA:78,0
DA:79,0
DA:80,0
DA:90,0
DA:96,0
DA:97,0
DA:109,0
DA:110,0
DA:111,0
DA:113,0
DA:119,0
DA:124,0
DA:125,0
DA:137,0
DA:138,0
DA:139,0
DA:141,0
DA:146,0
DA:147,0
DA:159,0
DA:160,0
DA:161,0
DA:163,0
DA:165,0
DA:170,0
DA:171,0
DA:183,0
DA:184,0
DA:185,0
DA:189,0
DA:190,0
DA:196,0
DA:197,0
DA:198,0
DA:200,0
DA:201,0
DA:207,0
DA:212,0
DA:213,0
DA:221,0
LF:65
LH:0
BRDA:32,0,0,0
BRDA:32,0,1,0
BRDA:44,1,0,0
BRDA:44,1,1,0
BRDA:53,2,0,0
BRDA:53,2,1,0
BRDA:68,3,0,0
BRDA:68,3,1,0
BRDA:69,4,0,0
BRDA:69,4,1,0
BRDA:78,5,0,0
BRDA:78,5,1,0
BRDA:86,6,0,0
BRDA:86,6,1,0
BRDA:111,7,0,0
BRDA:111,8,0,0
BRDA:115,9,0,0
BRDA:115,9,1,0
BRDA:116,10,0,0
BRDA:116,10,1,0
BRDA:161,11,0,0
BRDA:163,12,0,0
BRDA:163,12,1,0
BRDA:189,13,0,0
BRDA:189,13,1,0
BRDA:196,14,0,0
BRDA:196,14,1,0
BRDA:196,14,2,0
BRDA:197,15,0,0
BRDA:197,15,1,0
BRDA:198,16,0,0
BRDA:198,16,1,0
BRDA:200,17,0,0
BRDA:200,17,1,0
BRDA:200,18,0,0
BRDA:200,18,1,0
BRF:36
BRH:0
end_of_record
TN:
SF:routes\user.js
FN:30,hashOtp
FN:34,toUserResponse
FN:43,(anonymous_2)
FN:95,(anonymous_3)
FN:122,(anonymous_4)
FN:138,(anonymous_5)
FN:147,(anonymous_6)
FN:165,(anonymous_7)
FN:174,(anonymous_8)
FNF:9
FNH:0
FNDA:0,hashOtp
FNDA:0,toUserResponse
FNDA:0,(anonymous_2)
FNDA:0,(anonymous_3)
FNDA:0,(anonymous_4)
FNDA:0,(anonymous_5)
FNDA:0,(anonymous_6)
FNDA:0,(anonymous_7)
FNDA:0,(anonymous_8)
DA:1,0
DA:2,0
DA:3,0
DA:4,0
DA:5,0
DA:6,0
DA:7,0
DA:9,0
DA:11,0
DA:19,0
DA:24,0
DA:31,0
DA:35,0
DA:43,0
DA:44,0
DA:45,0
DA:46,0
DA:49,0
DA:51,0
DA:52,0
DA:53,0
DA:55,0
DA:56,0
DA:59,0
DA:60,0
DA:61,0
DA:64,0
DA:70,0
DA:71,0
DA:73,0
DA:79,0
DA:81,0
DA:83,0
DA:90,0
DA:91,0
DA:95,0
DA:96,0
DA:97,0
DA:98,0
DA:101,0
DA:102,0
DA:104,0
DA:105,0
DA:108,0
DA:109,0
DA:112,0
DA:114,0
DA:122,0
DA:123,0
DA:124,0
DA:125,0
DA:128,0
DA:129,0
DA:130,0
DA:133,0
DA:134,0
DA:135,0
DA:138,0
DA:139,0
DA:142,0
DA:144,0
DA:147,0
DA:148,0
DA:149,0
DA:158,0
DA:163,0
DA:165,0
DA:174,0
DA:175,0
DA:176,0
DA:177,0
DA:180,0
DA:181,0
DA:182,0
DA:185,0
LF:75
LH:0
BRDA:45,0,0,0
BRDA:45,0,1,0
BRDA:53,1,0,0
BRDA:53,1,1,0
BRDA:53,1,2,0
BRDA:53,1,3,0
BRDA:55,2,0,0
BRDA:55,2,1,0
BRDA:60,3,0,0
BRDA:60,3,1,0
BRDA:97,4,0,0
BRDA:97,4,1,0
BRDA:104,5,0,0
BRDA:104,5,1,0
BRDA:108,6,0,0
BRDA:108,6,1,0
BRDA:124,7,0,0
BRDA:124,7,1,0
BRDA:129,8,0,0
BRDA:129,8,1,0
BRDA:134,9,0,0
BRDA:134,9,1,0
BRDA:148,10,0,0
BRDA:148,10,1,0
BRDA:149,11,0,0
BRDA:149,11,1,0
BRDA:176,12,0,0
BRDA:176,12,1,0
BRF:28
BRH:0
end_of_record
TN:
SF:services\transferService.js
FN:18,canUseTransactions
FN:29,queueTransferOperation
FN:30,(anonymous_2)
FN:36,transfer
FN:53,(anonymous_4)
FN:175,getTransactions
FN:211,getTransactionStats
FN:254,getMonthlyStats
FN:288,(anonymous_8)
FNF:9
FNH:7
FNDA:42,canUseTransactions
FNDA:42,queueTransferOperation
FNDA:42,(anonymous_2)
FNDA:44,transfer
FNDA:42,(anonymous_4)
FNDA:4,getTransactions
FNDA:2,getTransactionStats
FNDA:0,getMonthlyStats
FNDA:0,(anonymous_8)
DA:1,1
DA:2,1
DA:3,1
DA:19,42
DA:20,42
DA:21,42
DA:23,0
DA:27,1
DA:30,42
DA:31,42
DA:32,42
DA:33,42
DA:37,44
DA:38,0
DA:41,44
DA:42,1
DA:45,43
DA:46,43
DA:47,1
DA:50,42
DA:52,42
DA:53,42
DA:54,42
DA:59,42
DA:60,1
DA:63,41
DA:64,1
DA:67,40
DA:68,40
DA:70,40
DA:71,40
DA:73,40
DA:74,40
DA:86,40
DA:101,0
DA:102,0
DA:104,0
DA:105,0
DA:110,0
DA:111,0
DA:112,0
DA:113,0
DA:116,0
DA:117,0
DA:118,0
DA:119,0
DA:122,0
DA:123,0
DA:125,0
DA:126,0
DA:128,0
DA:130,0
DA:145,0
DA:146,0
DA:148,0
DA:161,0
DA:162,0
DA:163,0
DA:164,0
DA:176,4
DA:177,4
DA:180,4
DA:190,4
DA:194,4
DA:201,0
DA:202,0
DA:212,2
DA:213,2
DA:214,2
DA:237,2
DA:243,0
DA:244,0
DA:255,0
DA:256,0
DA:288,0
DA:295,0
DA:296,0
DA:300,1
LF:78
LH:42
BRDA:21,0,0,42
BRDA:21,0,1,0
BRDA:36,1,0,42
BRDA:37,2,0,0
BRDA:37,2,1,44
BRDA:37,3,0,44
BRDA:37,3,1,44
BRDA:37,3,2,44
BRDA:37,3,3,44
BRDA:41,4,0,1
BRDA:41,4,1,43
BRDA:46,5,0,1
BRDA:46,5,1,42
BRDA:46,6,0,43
BRDA:46,6,1,43
BRDA:46,6,2,42
BRDA:52,7,0,42
BRDA:52,7,1,0
BRDA:59,8,0,1
BRDA:59,8,1,41
BRDA:59,9,0,42
BRDA:59,9,1,42
BRDA:63,10,0,1
BRDA:63,10,1,40
BRDA:73,11,0,0
BRDA:73,11,1,40
BRDA:73,12,0,40
BRDA:73,12,1,0
BRDA:80,13,0,40
BRDA:80,13,1,38
BRDA:110,14,0,0
BRDA:110,14,1,0
BRDA:110,15,0,0
BRDA:110,15,1,0
BRDA:116,16,0,0
BRDA:116,16,1,0
BRDA:128,17,0,0
BRDA:128,17,1,0
BRDA:128,18,0,0
BRDA:128,18,1,0
BRDA:137,19,0,0
BRDA:137,19,1,0
BRDA:175,20,0,0
BRDA:175,21,0,0
BRDA:238,22,0,2
BRDA:238,22,1,1
BRDA:239,23,0,2
BRDA:239,23,1,1
BRDA:240,24,0,2
BRDA:240,24,1,0
BRDA:254,25,0,0
BRF:51
BRH:30
end_of_record
TN:
SF:utils\mailSender.js
FN:4,(anonymous_0)
FNF:1
FNH:0
FNDA:0,(anonymous_0)
DA:1,0
DA:2,0
DA:4,0
DA:5,0
DA:8,0
DA:21,0
DA:24,0
DA:30,0
DA:32,0
DA:35,0
LF:10
LH:0
BRDA:9,0,0,0
BRDA:9,0,1,0
BRF:2
BRH:0
end_of_record
